<?xml version="1.0" encoding="UTF-8"?>
<!-- Generated by org.testng.reporters.JUnitXMLReporter -->
<testsuite ignored="5" hostname="SaranyaPC" failures="20" tests="20" name="Regression" time="244.254" errors="0" timestamp="2023-05-16T11:53:31 IST">
  <testcase classname="com.stg.gsd.fordpass.poc.BaseTest" name="@AfterMethod Completion" time="0.065">
    <failure type="org.openqa.selenium.NoSuchSessionException" message="A session is either terminated or not started
Build info: version: &amp;apos;3.141.59&amp;apos;, revision: &amp;apos;e82be7d358&amp;apos;, time: &amp;apos;2018-11-14T08:17:03&amp;apos;
System info: host: &amp;apos;SARANYAPC&amp;apos;, ip: &amp;apos;192.168.1.35&amp;apos;, os.name: &amp;apos;Windows 10&amp;apos;, os.arch: &amp;apos;amd64&amp;apos;, os.version: &amp;apos;10.0&amp;apos;, java.version: &amp;apos;14.0.1&amp;apos;
Driver info: io.appium.java_client.android.AndroidDriver
Capabilities {appActivity: nl.moboa.myclay.welcome.Wel..., appPackage: nl.moboa.myclay, automationName: uiautomator2, chromeOptions: {w3c: false}, databaseEnabled: false, desired: {appActivity: nl.moboa.myclay.welcome.Wel..., appPackage: nl.moboa.myclay, automationName: uiautomator2, chromeOptions: {w3c: false}, noReset: true, noSign: true, platformName: android}, deviceApiLevel: 33, deviceManufacturer: samsung, deviceModel: SM-G770F, deviceName: RF8N21DKK4J, deviceScreenDensity: 420, deviceScreenSize: 1080x2400, deviceUDID: RF8N21DKK4J, javascriptEnabled: true, locationContextEnabled: false, networkConnectionEnabled: true, noReset: true, noSign: true, pixelRatio: 2.625, platform: LINUX, platformName: ANDROID, platformVersion: 13, statBarHeight: 90, takesScreenshot: true, viewportRect: {height: 2091, left: 0, top: 90, width: 1080}, warnings: {}, webStorageEnabled: false}
Session ID: d990067e-85b4-43df-83fd-229da62394f8">
      <![CDATA[org.openqa.selenium.NoSuchSessionException: A session is either terminated or not started
Build info: version: '3.141.59', revision: 'e82be7d358', time: '2018-11-14T08:17:03'
System info: host: 'SARANYAPC', ip: '192.168.1.35', os.name: 'Windows 10', os.arch: 'amd64', os.version: '10.0', java.version: '14.0.1'
Driver info: io.appium.java_client.android.AndroidDriver
Capabilities {appActivity: nl.moboa.myclay.welcome.Wel..., appPackage: nl.moboa.myclay, automationName: uiautomator2, chromeOptions: {w3c: false}, databaseEnabled: false, desired: {appActivity: nl.moboa.myclay.welcome.Wel..., appPackage: nl.moboa.myclay, automationName: uiautomator2, chromeOptions: {w3c: false}, noReset: true, noSign: true, platformName: android}, deviceApiLevel: 33, deviceManufacturer: samsung, deviceModel: SM-G770F, deviceName: RF8N21DKK4J, deviceScreenDensity: 420, deviceScreenSize: 1080x2400, deviceUDID: RF8N21DKK4J, javascriptEnabled: true, locationContextEnabled: false, networkConnectionEnabled: true, noReset: true, noSign: true, pixelRatio: 2.625, platform: LINUX, platformName: ANDROID, platformVersion: 13, statBarHeight: 90, takesScreenshot: true, viewportRect: {height: 2091, left: 0, top: 90, width: 1080}, warnings: {}, webStorageEnabled: false}
Session ID: d990067e-85b4-43df-83fd-229da62394f8
at org.openqa.selenium.remote.http.W3CHttpResponseCodec.createException(W3CHttpResponseCodec.java:187)
at org.openqa.selenium.remote.http.W3CHttpResponseCodec.decode(W3CHttpResponseCodec.java:122)
at org.openqa.selenium.remote.http.W3CHttpResponseCodec.decode(W3CHttpResponseCodec.java:49)
at org.openqa.selenium.remote.HttpCommandExecutor.execute(HttpCommandExecutor.java:158)
at io.appium.java_client.remote.AppiumCommandExecutor.execute(AppiumCommandExecutor.java:239)
at org.openqa.selenium.remote.RemoteWebDriver.execute(RemoteWebDriver.java:552)
at io.appium.java_client.DefaultGenericMobileDriver.execute(DefaultGenericMobileDriver.java:45)
at io.appium.java_client.AppiumDriver.execute(AppiumDriver.java:1)
at io.appium.java_client.android.AndroidDriver.execute(AndroidDriver.java:1)
at org.openqa.selenium.remote.RemoteWebDriver.getScreenshotAs(RemoteWebDriver.java:295)
at com.stg.gsd.fordpass.poc.Helper.captureScreenshot(Helper.java:20)
at com.stg.gsd.fordpass.poc.BaseTest.Completion(BaseTest.java:157)
at java.base/java.util.ArrayList.forEach(ArrayList.java:1510)
... Removed 37 stack frames]]>
    </failure>
  </testcase> <!-- @AfterMethod Completion -->
  <testcase classname="com.stg.gsd.fordpass.poc.BaseTest" name="@AfterMethod Completion" time="0.02">
    <failure type="org.openqa.selenium.NoSuchSessionException" message="A session is either terminated or not started
Build info: version: &amp;apos;3.141.59&amp;apos;, revision: &amp;apos;e82be7d358&amp;apos;, time: &amp;apos;2018-11-14T08:17:03&amp;apos;
System info: host: &amp;apos;SARANYAPC&amp;apos;, ip: &amp;apos;192.168.1.35&amp;apos;, os.name: &amp;apos;Windows 10&amp;apos;, os.arch: &amp;apos;amd64&amp;apos;, os.version: &amp;apos;10.0&amp;apos;, java.version: &amp;apos;14.0.1&amp;apos;
Driver info: io.appium.java_client.android.AndroidDriver
Capabilities {appActivity: nl.moboa.myclay.welcome.Wel..., appPackage: nl.moboa.myclay, automationName: uiautomator2, chromeOptions: {w3c: false}, databaseEnabled: false, desired: {appActivity: nl.moboa.myclay.welcome.Wel..., appPackage: nl.moboa.myclay, automationName: uiautomator2, chromeOptions: {w3c: false}, noReset: true, noSign: true, platformName: android}, deviceApiLevel: 33, deviceManufacturer: samsung, deviceModel: SM-G770F, deviceName: RF8N21DKK4J, deviceScreenDensity: 420, deviceScreenSize: 1080x2400, deviceUDID: RF8N21DKK4J, javascriptEnabled: true, locationContextEnabled: false, networkConnectionEnabled: true, noReset: true, noSign: true, pixelRatio: 2.625, platform: LINUX, platformName: ANDROID, platformVersion: 13, statBarHeight: 90, takesScreenshot: true, viewportRect: {height: 2091, left: 0, top: 90, width: 1080}, warnings: {}, webStorageEnabled: false}
Session ID: d990067e-85b4-43df-83fd-229da62394f8">
      <![CDATA[org.openqa.selenium.NoSuchSessionException: A session is either terminated or not started
Build info: version: '3.141.59', revision: 'e82be7d358', time: '2018-11-14T08:17:03'
System info: host: 'SARANYAPC', ip: '192.168.1.35', os.name: 'Windows 10', os.arch: 'amd64', os.version: '10.0', java.version: '14.0.1'
Driver info: io.appium.java_client.android.AndroidDriver
Capabilities {appActivity: nl.moboa.myclay.welcome.Wel..., appPackage: nl.moboa.myclay, automationName: uiautomator2, chromeOptions: {w3c: false}, databaseEnabled: false, desired: {appActivity: nl.moboa.myclay.welcome.Wel..., appPackage: nl.moboa.myclay, automationName: uiautomator2, chromeOptions: {w3c: false}, noReset: true, noSign: true, platformName: android}, deviceApiLevel: 33, deviceManufacturer: samsung, deviceModel: SM-G770F, deviceName: RF8N21DKK4J, deviceScreenDensity: 420, deviceScreenSize: 1080x2400, deviceUDID: RF8N21DKK4J, javascriptEnabled: true, locationContextEnabled: false, networkConnectionEnabled: true, noReset: true, noSign: true, pixelRatio: 2.625, platform: LINUX, platformName: ANDROID, platformVersion: 13, statBarHeight: 90, takesScreenshot: true, viewportRect: {height: 2091, left: 0, top: 90, width: 1080}, warnings: {}, webStorageEnabled: false}
Session ID: d990067e-85b4-43df-83fd-229da62394f8
at org.openqa.selenium.remote.http.W3CHttpResponseCodec.createException(W3CHttpResponseCodec.java:187)
at org.openqa.selenium.remote.http.W3CHttpResponseCodec.decode(W3CHttpResponseCodec.java:122)
at org.openqa.selenium.remote.http.W3CHttpResponseCodec.decode(W3CHttpResponseCodec.java:49)
at org.openqa.selenium.remote.HttpCommandExecutor.execute(HttpCommandExecutor.java:158)
at io.appium.java_client.remote.AppiumCommandExecutor.execute(AppiumCommandExecutor.java:239)
at org.openqa.selenium.remote.RemoteWebDriver.execute(RemoteWebDriver.java:552)
at io.appium.java_client.DefaultGenericMobileDriver.execute(DefaultGenericMobileDriver.java:45)
at io.appium.java_client.AppiumDriver.execute(AppiumDriver.java:1)
at io.appium.java_client.android.AndroidDriver.execute(AndroidDriver.java:1)
at org.openqa.selenium.remote.RemoteWebDriver.getScreenshotAs(RemoteWebDriver.java:295)
at com.stg.gsd.fordpass.poc.Helper.captureScreenshot(Helper.java:20)
at com.stg.gsd.fordpass.poc.BaseTest.Completion(BaseTest.java:157)
at java.base/java.util.ArrayList.forEach(ArrayList.java:1510)
... Removed 37 stack frames]]>
    </failure>
  </testcase> <!-- @AfterMethod Completion -->
  <testcase classname="com.stg.gsd.fordpass.poc.BaseTest" name="@AfterMethod Completion" time="0.02">
    <failure type="org.openqa.selenium.NoSuchSessionException" message="A session is either terminated or not started
Build info: version: &amp;apos;3.141.59&amp;apos;, revision: &amp;apos;e82be7d358&amp;apos;, time: &amp;apos;2018-11-14T08:17:03&amp;apos;
System info: host: &amp;apos;SARANYAPC&amp;apos;, ip: &amp;apos;192.168.1.35&amp;apos;, os.name: &amp;apos;Windows 10&amp;apos;, os.arch: &amp;apos;amd64&amp;apos;, os.version: &amp;apos;10.0&amp;apos;, java.version: &amp;apos;14.0.1&amp;apos;
Driver info: io.appium.java_client.android.AndroidDriver
Capabilities {appActivity: nl.moboa.myclay.welcome.Wel..., appPackage: nl.moboa.myclay, automationName: uiautomator2, chromeOptions: {w3c: false}, databaseEnabled: false, desired: {appActivity: nl.moboa.myclay.welcome.Wel..., appPackage: nl.moboa.myclay, automationName: uiautomator2, chromeOptions: {w3c: false}, noReset: true, noSign: true, platformName: android}, deviceApiLevel: 33, deviceManufacturer: samsung, deviceModel: SM-G770F, deviceName: RF8N21DKK4J, deviceScreenDensity: 420, deviceScreenSize: 1080x2400, deviceUDID: RF8N21DKK4J, javascriptEnabled: true, locationContextEnabled: false, networkConnectionEnabled: true, noReset: true, noSign: true, pixelRatio: 2.625, platform: LINUX, platformName: ANDROID, platformVersion: 13, statBarHeight: 90, takesScreenshot: true, viewportRect: {height: 2091, left: 0, top: 90, width: 1080}, warnings: {}, webStorageEnabled: false}
Session ID: d990067e-85b4-43df-83fd-229da62394f8">
      <![CDATA[org.openqa.selenium.NoSuchSessionException: A session is either terminated or not started
Build info: version: '3.141.59', revision: 'e82be7d358', time: '2018-11-14T08:17:03'
System info: host: 'SARANYAPC', ip: '192.168.1.35', os.name: 'Windows 10', os.arch: 'amd64', os.version: '10.0', java.version: '14.0.1'
Driver info: io.appium.java_client.android.AndroidDriver
Capabilities {appActivity: nl.moboa.myclay.welcome.Wel..., appPackage: nl.moboa.myclay, automationName: uiautomator2, chromeOptions: {w3c: false}, databaseEnabled: false, desired: {appActivity: nl.moboa.myclay.welcome.Wel..., appPackage: nl.moboa.myclay, automationName: uiautomator2, chromeOptions: {w3c: false}, noReset: true, noSign: true, platformName: android}, deviceApiLevel: 33, deviceManufacturer: samsung, deviceModel: SM-G770F, deviceName: RF8N21DKK4J, deviceScreenDensity: 420, deviceScreenSize: 1080x2400, deviceUDID: RF8N21DKK4J, javascriptEnabled: true, locationContextEnabled: false, networkConnectionEnabled: true, noReset: true, noSign: true, pixelRatio: 2.625, platform: LINUX, platformName: ANDROID, platformVersion: 13, statBarHeight: 90, takesScreenshot: true, viewportRect: {height: 2091, left: 0, top: 90, width: 1080}, warnings: {}, webStorageEnabled: false}
Session ID: d990067e-85b4-43df-83fd-229da62394f8
at org.openqa.selenium.remote.http.W3CHttpResponseCodec.createException(W3CHttpResponseCodec.java:187)
at org.openqa.selenium.remote.http.W3CHttpResponseCodec.decode(W3CHttpResponseCodec.java:122)
at org.openqa.selenium.remote.http.W3CHttpResponseCodec.decode(W3CHttpResponseCodec.java:49)
at org.openqa.selenium.remote.HttpCommandExecutor.execute(HttpCommandExecutor.java:158)
at io.appium.java_client.remote.AppiumCommandExecutor.execute(AppiumCommandExecutor.java:239)
at org.openqa.selenium.remote.RemoteWebDriver.execute(RemoteWebDriver.java:552)
at io.appium.java_client.DefaultGenericMobileDriver.execute(DefaultGenericMobileDriver.java:45)
at io.appium.java_client.AppiumDriver.execute(AppiumDriver.java:1)
at io.appium.java_client.android.AndroidDriver.execute(AndroidDriver.java:1)
at org.openqa.selenium.remote.RemoteWebDriver.getScreenshotAs(RemoteWebDriver.java:295)
at com.stg.gsd.fordpass.poc.Helper.captureScreenshot(Helper.java:20)
at com.stg.gsd.fordpass.poc.BaseTest.Completion(BaseTest.java:157)
at java.base/java.util.ArrayList.forEach(ArrayList.java:1510)
... Removed 37 stack frames]]>
    </failure>
  </testcase> <!-- @AfterMethod Completion -->
  <testcase classname="com.stg.gsd.fordpass.poc.BaseTest" name="@AfterMethod Completion" time="0.022">
    <failure type="org.openqa.selenium.NoSuchSessionException" message="A session is either terminated or not started
Build info: version: &amp;apos;3.141.59&amp;apos;, revision: &amp;apos;e82be7d358&amp;apos;, time: &amp;apos;2018-11-14T08:17:03&amp;apos;
System info: host: &amp;apos;SARANYAPC&amp;apos;, ip: &amp;apos;192.168.1.35&amp;apos;, os.name: &amp;apos;Windows 10&amp;apos;, os.arch: &amp;apos;amd64&amp;apos;, os.version: &amp;apos;10.0&amp;apos;, java.version: &amp;apos;14.0.1&amp;apos;
Driver info: io.appium.java_client.android.AndroidDriver
Capabilities {appActivity: nl.moboa.myclay.welcome.Wel..., appPackage: nl.moboa.myclay, automationName: uiautomator2, chromeOptions: {w3c: false}, databaseEnabled: false, desired: {appActivity: nl.moboa.myclay.welcome.Wel..., appPackage: nl.moboa.myclay, automationName: uiautomator2, chromeOptions: {w3c: false}, noReset: true, noSign: true, platformName: android}, deviceApiLevel: 33, deviceManufacturer: samsung, deviceModel: SM-G770F, deviceName: RF8N21DKK4J, deviceScreenDensity: 420, deviceScreenSize: 1080x2400, deviceUDID: RF8N21DKK4J, javascriptEnabled: true, locationContextEnabled: false, networkConnectionEnabled: true, noReset: true, noSign: true, pixelRatio: 2.625, platform: LINUX, platformName: ANDROID, platformVersion: 13, statBarHeight: 90, takesScreenshot: true, viewportRect: {height: 2091, left: 0, top: 90, width: 1080}, warnings: {}, webStorageEnabled: false}
Session ID: d990067e-85b4-43df-83fd-229da62394f8">
      <![CDATA[org.openqa.selenium.NoSuchSessionException: A session is either terminated or not started
Build info: version: '3.141.59', revision: 'e82be7d358', time: '2018-11-14T08:17:03'
System info: host: 'SARANYAPC', ip: '192.168.1.35', os.name: 'Windows 10', os.arch: 'amd64', os.version: '10.0', java.version: '14.0.1'
Driver info: io.appium.java_client.android.AndroidDriver
Capabilities {appActivity: nl.moboa.myclay.welcome.Wel..., appPackage: nl.moboa.myclay, automationName: uiautomator2, chromeOptions: {w3c: false}, databaseEnabled: false, desired: {appActivity: nl.moboa.myclay.welcome.Wel..., appPackage: nl.moboa.myclay, automationName: uiautomator2, chromeOptions: {w3c: false}, noReset: true, noSign: true, platformName: android}, deviceApiLevel: 33, deviceManufacturer: samsung, deviceModel: SM-G770F, deviceName: RF8N21DKK4J, deviceScreenDensity: 420, deviceScreenSize: 1080x2400, deviceUDID: RF8N21DKK4J, javascriptEnabled: true, locationContextEnabled: false, networkConnectionEnabled: true, noReset: true, noSign: true, pixelRatio: 2.625, platform: LINUX, platformName: ANDROID, platformVersion: 13, statBarHeight: 90, takesScreenshot: true, viewportRect: {height: 2091, left: 0, top: 90, width: 1080}, warnings: {}, webStorageEnabled: false}
Session ID: d990067e-85b4-43df-83fd-229da62394f8
at org.openqa.selenium.remote.http.W3CHttpResponseCodec.createException(W3CHttpResponseCodec.java:187)
at org.openqa.selenium.remote.http.W3CHttpResponseCodec.decode(W3CHttpResponseCodec.java:122)
at org.openqa.selenium.remote.http.W3CHttpResponseCodec.decode(W3CHttpResponseCodec.java:49)
at org.openqa.selenium.remote.HttpCommandExecutor.execute(HttpCommandExecutor.java:158)
at io.appium.java_client.remote.AppiumCommandExecutor.execute(AppiumCommandExecutor.java:239)
at org.openqa.selenium.remote.RemoteWebDriver.execute(RemoteWebDriver.java:552)
at io.appium.java_client.DefaultGenericMobileDriver.execute(DefaultGenericMobileDriver.java:45)
at io.appium.java_client.AppiumDriver.execute(AppiumDriver.java:1)
at io.appium.java_client.android.AndroidDriver.execute(AndroidDriver.java:1)
at org.openqa.selenium.remote.RemoteWebDriver.getScreenshotAs(RemoteWebDriver.java:295)
at com.stg.gsd.fordpass.poc.Helper.captureScreenshot(Helper.java:20)
at com.stg.gsd.fordpass.poc.BaseTest.Completion(BaseTest.java:157)
at java.base/java.util.ArrayList.forEach(ArrayList.java:1510)
... Removed 37 stack frames]]>
    </failure>
  </testcase> <!-- @AfterMethod Completion -->
  <testcase classname="com.stg.gsd.fordpass.poc.BaseTest" name="@AfterMethod Completion" time="0.013">
    <failure type="org.openqa.selenium.NoSuchSessionException" message="A session is either terminated or not started
Build info: version: &amp;apos;3.141.59&amp;apos;, revision: &amp;apos;e82be7d358&amp;apos;, time: &amp;apos;2018-11-14T08:17:03&amp;apos;
System info: host: &amp;apos;SARANYAPC&amp;apos;, ip: &amp;apos;192.168.1.35&amp;apos;, os.name: &amp;apos;Windows 10&amp;apos;, os.arch: &amp;apos;amd64&amp;apos;, os.version: &amp;apos;10.0&amp;apos;, java.version: &amp;apos;14.0.1&amp;apos;
Driver info: io.appium.java_client.android.AndroidDriver
Capabilities {appActivity: nl.moboa.myclay.welcome.Wel..., appPackage: nl.moboa.myclay, automationName: uiautomator2, chromeOptions: {w3c: false}, databaseEnabled: false, desired: {appActivity: nl.moboa.myclay.welcome.Wel..., appPackage: nl.moboa.myclay, automationName: uiautomator2, chromeOptions: {w3c: false}, noReset: true, noSign: true, platformName: android}, deviceApiLevel: 33, deviceManufacturer: samsung, deviceModel: SM-G770F, deviceName: RF8N21DKK4J, deviceScreenDensity: 420, deviceScreenSize: 1080x2400, deviceUDID: RF8N21DKK4J, javascriptEnabled: true, locationContextEnabled: false, networkConnectionEnabled: true, noReset: true, noSign: true, pixelRatio: 2.625, platform: LINUX, platformName: ANDROID, platformVersion: 13, statBarHeight: 90, takesScreenshot: true, viewportRect: {height: 2091, left: 0, top: 90, width: 1080}, warnings: {}, webStorageEnabled: false}
Session ID: d990067e-85b4-43df-83fd-229da62394f8">
      <![CDATA[org.openqa.selenium.NoSuchSessionException: A session is either terminated or not started
Build info: version: '3.141.59', revision: 'e82be7d358', time: '2018-11-14T08:17:03'
System info: host: 'SARANYAPC', ip: '192.168.1.35', os.name: 'Windows 10', os.arch: 'amd64', os.version: '10.0', java.version: '14.0.1'
Driver info: io.appium.java_client.android.AndroidDriver
Capabilities {appActivity: nl.moboa.myclay.welcome.Wel..., appPackage: nl.moboa.myclay, automationName: uiautomator2, chromeOptions: {w3c: false}, databaseEnabled: false, desired: {appActivity: nl.moboa.myclay.welcome.Wel..., appPackage: nl.moboa.myclay, automationName: uiautomator2, chromeOptions: {w3c: false}, noReset: true, noSign: true, platformName: android}, deviceApiLevel: 33, deviceManufacturer: samsung, deviceModel: SM-G770F, deviceName: RF8N21DKK4J, deviceScreenDensity: 420, deviceScreenSize: 1080x2400, deviceUDID: RF8N21DKK4J, javascriptEnabled: true, locationContextEnabled: false, networkConnectionEnabled: true, noReset: true, noSign: true, pixelRatio: 2.625, platform: LINUX, platformName: ANDROID, platformVersion: 13, statBarHeight: 90, takesScreenshot: true, viewportRect: {height: 2091, left: 0, top: 90, width: 1080}, warnings: {}, webStorageEnabled: false}
Session ID: d990067e-85b4-43df-83fd-229da62394f8
at org.openqa.selenium.remote.http.W3CHttpResponseCodec.createException(W3CHttpResponseCodec.java:187)
at org.openqa.selenium.remote.http.W3CHttpResponseCodec.decode(W3CHttpResponseCodec.java:122)
at org.openqa.selenium.remote.http.W3CHttpResponseCodec.decode(W3CHttpResponseCodec.java:49)
at org.openqa.selenium.remote.HttpCommandExecutor.execute(HttpCommandExecutor.java:158)
at io.appium.java_client.remote.AppiumCommandExecutor.execute(AppiumCommandExecutor.java:239)
at org.openqa.selenium.remote.RemoteWebDriver.execute(RemoteWebDriver.java:552)
at io.appium.java_client.DefaultGenericMobileDriver.execute(DefaultGenericMobileDriver.java:45)
at io.appium.java_client.AppiumDriver.execute(AppiumDriver.java:1)
at io.appium.java_client.android.AndroidDriver.execute(AndroidDriver.java:1)
at org.openqa.selenium.remote.RemoteWebDriver.getScreenshotAs(RemoteWebDriver.java:295)
at com.stg.gsd.fordpass.poc.Helper.captureScreenshot(Helper.java:20)
at com.stg.gsd.fordpass.poc.BaseTest.Completion(BaseTest.java:157)
at java.base/java.util.ArrayList.forEach(ArrayList.java:1510)
... Removed 37 stack frames]]>
    </failure>
  </testcase> <!-- @AfterMethod Completion -->
  <testcase classname="com.stg.gsd.fordpass.poc.BaseTest" name="@AfterClass Teardown" time="0.019">
    <failure type="org.openqa.selenium.NoSuchSessionException" message="A session is either terminated or not started
Build info: version: &amp;apos;3.141.59&amp;apos;, revision: &amp;apos;e82be7d358&amp;apos;, time: &amp;apos;2018-11-14T08:17:03&amp;apos;
System info: host: &amp;apos;SARANYAPC&amp;apos;, ip: &amp;apos;192.168.1.35&amp;apos;, os.name: &amp;apos;Windows 10&amp;apos;, os.arch: &amp;apos;amd64&amp;apos;, os.version: &amp;apos;10.0&amp;apos;, java.version: &amp;apos;14.0.1&amp;apos;
Driver info: io.appium.java_client.android.AndroidDriver
Capabilities {appActivity: nl.moboa.myclay.welcome.Wel..., appPackage: nl.moboa.myclay, automationName: uiautomator2, chromeOptions: {w3c: false}, databaseEnabled: false, desired: {appActivity: nl.moboa.myclay.welcome.Wel..., appPackage: nl.moboa.myclay, automationName: uiautomator2, chromeOptions: {w3c: false}, noReset: true, noSign: true, platformName: android}, deviceApiLevel: 33, deviceManufacturer: samsung, deviceModel: SM-G770F, deviceName: RF8N21DKK4J, deviceScreenDensity: 420, deviceScreenSize: 1080x2400, deviceUDID: RF8N21DKK4J, javascriptEnabled: true, locationContextEnabled: false, networkConnectionEnabled: true, noReset: true, noSign: true, pixelRatio: 2.625, platform: LINUX, platformName: ANDROID, platformVersion: 13, statBarHeight: 90, takesScreenshot: true, viewportRect: {height: 2091, left: 0, top: 90, width: 1080}, warnings: {}, webStorageEnabled: false}
Session ID: d990067e-85b4-43df-83fd-229da62394f8">
      <![CDATA[org.openqa.selenium.NoSuchSessionException: A session is either terminated or not started
Build info: version: '3.141.59', revision: 'e82be7d358', time: '2018-11-14T08:17:03'
System info: host: 'SARANYAPC', ip: '192.168.1.35', os.name: 'Windows 10', os.arch: 'amd64', os.version: '10.0', java.version: '14.0.1'
Driver info: io.appium.java_client.android.AndroidDriver
Capabilities {appActivity: nl.moboa.myclay.welcome.Wel..., appPackage: nl.moboa.myclay, automationName: uiautomator2, chromeOptions: {w3c: false}, databaseEnabled: false, desired: {appActivity: nl.moboa.myclay.welcome.Wel..., appPackage: nl.moboa.myclay, automationName: uiautomator2, chromeOptions: {w3c: false}, noReset: true, noSign: true, platformName: android}, deviceApiLevel: 33, deviceManufacturer: samsung, deviceModel: SM-G770F, deviceName: RF8N21DKK4J, deviceScreenDensity: 420, deviceScreenSize: 1080x2400, deviceUDID: RF8N21DKK4J, javascriptEnabled: true, locationContextEnabled: false, networkConnectionEnabled: true, noReset: true, noSign: true, pixelRatio: 2.625, platform: LINUX, platformName: ANDROID, platformVersion: 13, statBarHeight: 90, takesScreenshot: true, viewportRect: {height: 2091, left: 0, top: 90, width: 1080}, warnings: {}, webStorageEnabled: false}
Session ID: d990067e-85b4-43df-83fd-229da62394f8
at org.openqa.selenium.remote.http.W3CHttpResponseCodec.createException(W3CHttpResponseCodec.java:187)
at org.openqa.selenium.remote.http.W3CHttpResponseCodec.decode(W3CHttpResponseCodec.java:122)
at org.openqa.selenium.remote.http.W3CHttpResponseCodec.decode(W3CHttpResponseCodec.java:49)
at org.openqa.selenium.remote.HttpCommandExecutor.execute(HttpCommandExecutor.java:158)
at io.appium.java_client.remote.AppiumCommandExecutor.execute(AppiumCommandExecutor.java:239)
at org.openqa.selenium.remote.RemoteWebDriver.execute(RemoteWebDriver.java:552)
at io.appium.java_client.DefaultGenericMobileDriver.execute(DefaultGenericMobileDriver.java:45)
at io.appium.java_client.AppiumDriver.execute(AppiumDriver.java:1)
at io.appium.java_client.android.AndroidDriver.execute(AndroidDriver.java:1)
at org.openqa.selenium.remote.RemoteWebDriver.quit(RemoteWebDriver.java:452)
at com.stg.gsd.fordpass.poc.BaseTest.Teardown(BaseTest.java:172)
at java.base/java.util.ArrayList.forEach(ArrayList.java:1510)
... Removed 30 stack frames]]>
    </failure>
  </testcase> <!-- @AfterClass Teardown -->
  <testcase classname="com.stg.gsd.fordpass.poc.BaseTest" name="@AfterMethod Completion" time="0.036">
    <failure type="org.openqa.selenium.WebDriverException" message="An unknown server-side error occurred while processing the command. Original error: Could not proxy command to the remote server. Original error: socket hang up
Build info: version: &amp;apos;3.141.59&amp;apos;, revision: &amp;apos;e82be7d358&amp;apos;, time: &amp;apos;2018-11-14T08:17:03&amp;apos;
System info: host: &amp;apos;SARANYAPC&amp;apos;, ip: &amp;apos;192.168.1.35&amp;apos;, os.name: &amp;apos;Windows 10&amp;apos;, os.arch: &amp;apos;amd64&amp;apos;, os.version: &amp;apos;10.0&amp;apos;, java.version: &amp;apos;14.0.1&amp;apos;
Driver info: io.appium.java_client.android.AndroidDriver
Capabilities {appActivity: nl.moboa.myclay.welcome.Wel..., appPackage: nl.moboa.myclay, automationName: uiautomator2, chromeOptions: {w3c: false}, databaseEnabled: false, desired: {appActivity: nl.moboa.myclay.welcome.Wel..., appPackage: nl.moboa.myclay, automationName: uiautomator2, chromeOptions: {w3c: false}, noReset: true, noSign: true, platformName: android}, deviceApiLevel: 33, deviceManufacturer: samsung, deviceModel: SM-G770F, deviceName: RF8N21DKK4J, deviceScreenDensity: 420, deviceScreenSize: 1080x2400, deviceUDID: RF8N21DKK4J, javascriptEnabled: true, locationContextEnabled: false, networkConnectionEnabled: true, noReset: true, noSign: true, pixelRatio: 2.625, platform: LINUX, platformName: ANDROID, platformVersion: 13, statBarHeight: 90, takesScreenshot: true, viewportRect: {height: 2091, left: 0, top: 90, width: 1080}, warnings: {}, webStorageEnabled: false}
Session ID: e67543be-608d-4531-a668-ef54685780b1">
      <![CDATA[org.openqa.selenium.WebDriverException: An unknown server-side error occurred while processing the command. Original error: Could not proxy command to the remote server. Original error: socket hang up
Build info: version: '3.141.59', revision: 'e82be7d358', time: '2018-11-14T08:17:03'
System info: host: 'SARANYAPC', ip: '192.168.1.35', os.name: 'Windows 10', os.arch: 'amd64', os.version: '10.0', java.version: '14.0.1'
Driver info: io.appium.java_client.android.AndroidDriver
Capabilities {appActivity: nl.moboa.myclay.welcome.Wel..., appPackage: nl.moboa.myclay, automationName: uiautomator2, chromeOptions: {w3c: false}, databaseEnabled: false, desired: {appActivity: nl.moboa.myclay.welcome.Wel..., appPackage: nl.moboa.myclay, automationName: uiautomator2, chromeOptions: {w3c: false}, noReset: true, noSign: true, platformName: android}, deviceApiLevel: 33, deviceManufacturer: samsung, deviceModel: SM-G770F, deviceName: RF8N21DKK4J, deviceScreenDensity: 420, deviceScreenSize: 1080x2400, deviceUDID: RF8N21DKK4J, javascriptEnabled: true, locationContextEnabled: false, networkConnectionEnabled: true, noReset: true, noSign: true, pixelRatio: 2.625, platform: LINUX, platformName: ANDROID, platformVersion: 13, statBarHeight: 90, takesScreenshot: true, viewportRect: {height: 2091, left: 0, top: 90, width: 1080}, warnings: {}, webStorageEnabled: false}
Session ID: e67543be-608d-4531-a668-ef54685780b1
at org.openqa.selenium.remote.http.W3CHttpResponseCodec.createException(W3CHttpResponseCodec.java:187)
at org.openqa.selenium.remote.http.W3CHttpResponseCodec.decode(W3CHttpResponseCodec.java:122)
at org.openqa.selenium.remote.http.W3CHttpResponseCodec.decode(W3CHttpResponseCodec.java:49)
at org.openqa.selenium.remote.HttpCommandExecutor.execute(HttpCommandExecutor.java:158)
at io.appium.java_client.remote.AppiumCommandExecutor.execute(AppiumCommandExecutor.java:239)
at org.openqa.selenium.remote.RemoteWebDriver.execute(RemoteWebDriver.java:552)
at io.appium.java_client.DefaultGenericMobileDriver.execute(DefaultGenericMobileDriver.java:45)
at io.appium.java_client.AppiumDriver.execute(AppiumDriver.java:1)
at io.appium.java_client.android.AndroidDriver.execute(AndroidDriver.java:1)
at org.openqa.selenium.remote.RemoteWebDriver.getScreenshotAs(RemoteWebDriver.java:295)
at com.stg.gsd.fordpass.poc.Helper.captureScreenshot(Helper.java:20)
at com.stg.gsd.fordpass.poc.BaseTest.Completion(BaseTest.java:157)
at java.base/java.util.ArrayList.forEach(ArrayList.java:1510)
... Removed 37 stack frames]]>
    </failure>
  </testcase> <!-- @AfterMethod Completion -->
  <testcase classname="com.stg.gsd.fordpass.poc.BaseTest" name="@AfterMethod Completion" time="0.029">
    <failure type="org.openqa.selenium.WebDriverException" message="An unknown server-side error occurred while processing the command. Original error: Could not proxy command to the remote server. Original error: socket hang up
Build info: version: &amp;apos;3.141.59&amp;apos;, revision: &amp;apos;e82be7d358&amp;apos;, time: &amp;apos;2018-11-14T08:17:03&amp;apos;
System info: host: &amp;apos;SARANYAPC&amp;apos;, ip: &amp;apos;192.168.1.35&amp;apos;, os.name: &amp;apos;Windows 10&amp;apos;, os.arch: &amp;apos;amd64&amp;apos;, os.version: &amp;apos;10.0&amp;apos;, java.version: &amp;apos;14.0.1&amp;apos;
Driver info: io.appium.java_client.android.AndroidDriver
Capabilities {appActivity: nl.moboa.myclay.welcome.Wel..., appPackage: nl.moboa.myclay, automationName: uiautomator2, chromeOptions: {w3c: false}, databaseEnabled: false, desired: {appActivity: nl.moboa.myclay.welcome.Wel..., appPackage: nl.moboa.myclay, automationName: uiautomator2, chromeOptions: {w3c: false}, noReset: true, noSign: true, platformName: android}, deviceApiLevel: 33, deviceManufacturer: samsung, deviceModel: SM-G770F, deviceName: RF8N21DKK4J, deviceScreenDensity: 420, deviceScreenSize: 1080x2400, deviceUDID: RF8N21DKK4J, javascriptEnabled: true, locationContextEnabled: false, networkConnectionEnabled: true, noReset: true, noSign: true, pixelRatio: 2.625, platform: LINUX, platformName: ANDROID, platformVersion: 13, statBarHeight: 90, takesScreenshot: true, viewportRect: {height: 2091, left: 0, top: 90, width: 1080}, warnings: {}, webStorageEnabled: false}
Session ID: e67543be-608d-4531-a668-ef54685780b1">
      <![CDATA[org.openqa.selenium.WebDriverException: An unknown server-side error occurred while processing the command. Original error: Could not proxy command to the remote server. Original error: socket hang up
Build info: version: '3.141.59', revision: 'e82be7d358', time: '2018-11-14T08:17:03'
System info: host: 'SARANYAPC', ip: '192.168.1.35', os.name: 'Windows 10', os.arch: 'amd64', os.version: '10.0', java.version: '14.0.1'
Driver info: io.appium.java_client.android.AndroidDriver
Capabilities {appActivity: nl.moboa.myclay.welcome.Wel..., appPackage: nl.moboa.myclay, automationName: uiautomator2, chromeOptions: {w3c: false}, databaseEnabled: false, desired: {appActivity: nl.moboa.myclay.welcome.Wel..., appPackage: nl.moboa.myclay, automationName: uiautomator2, chromeOptions: {w3c: false}, noReset: true, noSign: true, platformName: android}, deviceApiLevel: 33, deviceManufacturer: samsung, deviceModel: SM-G770F, deviceName: RF8N21DKK4J, deviceScreenDensity: 420, deviceScreenSize: 1080x2400, deviceUDID: RF8N21DKK4J, javascriptEnabled: true, locationContextEnabled: false, networkConnectionEnabled: true, noReset: true, noSign: true, pixelRatio: 2.625, platform: LINUX, platformName: ANDROID, platformVersion: 13, statBarHeight: 90, takesScreenshot: true, viewportRect: {height: 2091, left: 0, top: 90, width: 1080}, warnings: {}, webStorageEnabled: false}
Session ID: e67543be-608d-4531-a668-ef54685780b1
at org.openqa.selenium.remote.http.W3CHttpResponseCodec.createException(W3CHttpResponseCodec.java:187)
at org.openqa.selenium.remote.http.W3CHttpResponseCodec.decode(W3CHttpResponseCodec.java:122)
at org.openqa.selenium.remote.http.W3CHttpResponseCodec.decode(W3CHttpResponseCodec.java:49)
at org.openqa.selenium.remote.HttpCommandExecutor.execute(HttpCommandExecutor.java:158)
at io.appium.java_client.remote.AppiumCommandExecutor.execute(AppiumCommandExecutor.java:239)
at org.openqa.selenium.remote.RemoteWebDriver.execute(RemoteWebDriver.java:552)
at io.appium.java_client.DefaultGenericMobileDriver.execute(DefaultGenericMobileDriver.java:45)
at io.appium.java_client.AppiumDriver.execute(AppiumDriver.java:1)
at io.appium.java_client.android.AndroidDriver.execute(AndroidDriver.java:1)
at org.openqa.selenium.remote.RemoteWebDriver.getScreenshotAs(RemoteWebDriver.java:295)
at com.stg.gsd.fordpass.poc.Helper.captureScreenshot(Helper.java:20)
at com.stg.gsd.fordpass.poc.BaseTest.Completion(BaseTest.java:157)
at java.base/java.util.ArrayList.forEach(ArrayList.java:1510)
... Removed 37 stack frames]]>
    </failure>
  </testcase> <!-- @AfterMethod Completion -->
  <testcase classname="com.stg.gsd.fordpass.poc.BaseTest" name="@AfterMethod Completion" time="0.022">
    <failure type="org.openqa.selenium.WebDriverException" message="An unknown server-side error occurred while processing the command. Original error: Could not proxy command to the remote server. Original error: socket hang up
Build info: version: &amp;apos;3.141.59&amp;apos;, revision: &amp;apos;e82be7d358&amp;apos;, time: &amp;apos;2018-11-14T08:17:03&amp;apos;
System info: host: &amp;apos;SARANYAPC&amp;apos;, ip: &amp;apos;192.168.1.35&amp;apos;, os.name: &amp;apos;Windows 10&amp;apos;, os.arch: &amp;apos;amd64&amp;apos;, os.version: &amp;apos;10.0&amp;apos;, java.version: &amp;apos;14.0.1&amp;apos;
Driver info: io.appium.java_client.android.AndroidDriver
Capabilities {appActivity: nl.moboa.myclay.welcome.Wel..., appPackage: nl.moboa.myclay, automationName: uiautomator2, chromeOptions: {w3c: false}, databaseEnabled: false, desired: {appActivity: nl.moboa.myclay.welcome.Wel..., appPackage: nl.moboa.myclay, automationName: uiautomator2, chromeOptions: {w3c: false}, noReset: true, noSign: true, platformName: android}, deviceApiLevel: 33, deviceManufacturer: samsung, deviceModel: SM-G770F, deviceName: RF8N21DKK4J, deviceScreenDensity: 420, deviceScreenSize: 1080x2400, deviceUDID: RF8N21DKK4J, javascriptEnabled: true, locationContextEnabled: false, networkConnectionEnabled: true, noReset: true, noSign: true, pixelRatio: 2.625, platform: LINUX, platformName: ANDROID, platformVersion: 13, statBarHeight: 90, takesScreenshot: true, viewportRect: {height: 2091, left: 0, top: 90, width: 1080}, warnings: {}, webStorageEnabled: false}
Session ID: e67543be-608d-4531-a668-ef54685780b1">
      <![CDATA[org.openqa.selenium.WebDriverException: An unknown server-side error occurred while processing the command. Original error: Could not proxy command to the remote server. Original error: socket hang up
Build info: version: '3.141.59', revision: 'e82be7d358', time: '2018-11-14T08:17:03'
System info: host: 'SARANYAPC', ip: '192.168.1.35', os.name: 'Windows 10', os.arch: 'amd64', os.version: '10.0', java.version: '14.0.1'
Driver info: io.appium.java_client.android.AndroidDriver
Capabilities {appActivity: nl.moboa.myclay.welcome.Wel..., appPackage: nl.moboa.myclay, automationName: uiautomator2, chromeOptions: {w3c: false}, databaseEnabled: false, desired: {appActivity: nl.moboa.myclay.welcome.Wel..., appPackage: nl.moboa.myclay, automationName: uiautomator2, chromeOptions: {w3c: false}, noReset: true, noSign: true, platformName: android}, deviceApiLevel: 33, deviceManufacturer: samsung, deviceModel: SM-G770F, deviceName: RF8N21DKK4J, deviceScreenDensity: 420, deviceScreenSize: 1080x2400, deviceUDID: RF8N21DKK4J, javascriptEnabled: true, locationContextEnabled: false, networkConnectionEnabled: true, noReset: true, noSign: true, pixelRatio: 2.625, platform: LINUX, platformName: ANDROID, platformVersion: 13, statBarHeight: 90, takesScreenshot: true, viewportRect: {height: 2091, left: 0, top: 90, width: 1080}, warnings: {}, webStorageEnabled: false}
Session ID: e67543be-608d-4531-a668-ef54685780b1
at org.openqa.selenium.remote.http.W3CHttpResponseCodec.createException(W3CHttpResponseCodec.java:187)
at org.openqa.selenium.remote.http.W3CHttpResponseCodec.decode(W3CHttpResponseCodec.java:122)
at org.openqa.selenium.remote.http.W3CHttpResponseCodec.decode(W3CHttpResponseCodec.java:49)
at org.openqa.selenium.remote.HttpCommandExecutor.execute(HttpCommandExecutor.java:158)
at io.appium.java_client.remote.AppiumCommandExecutor.execute(AppiumCommandExecutor.java:239)
at org.openqa.selenium.remote.RemoteWebDriver.execute(RemoteWebDriver.java:552)
at io.appium.java_client.DefaultGenericMobileDriver.execute(DefaultGenericMobileDriver.java:45)
at io.appium.java_client.AppiumDriver.execute(AppiumDriver.java:1)
at io.appium.java_client.android.AndroidDriver.execute(AndroidDriver.java:1)
at org.openqa.selenium.remote.RemoteWebDriver.getScreenshotAs(RemoteWebDriver.java:295)
at com.stg.gsd.fordpass.poc.Helper.captureScreenshot(Helper.java:20)
at com.stg.gsd.fordpass.poc.BaseTest.Completion(BaseTest.java:157)
at java.base/java.util.ArrayList.forEach(ArrayList.java:1510)
... Removed 37 stack frames]]>
    </failure>
  </testcase> <!-- @AfterMethod Completion -->
  <testcase classname="com.stg.gsd.fordpass.poc.BaseTest" name="@AfterMethod Completion" time="0.025">
    <failure type="org.openqa.selenium.WebDriverException" message="An unknown server-side error occurred while processing the command. Original error: Could not proxy command to the remote server. Original error: socket hang up
Build info: version: &amp;apos;3.141.59&amp;apos;, revision: &amp;apos;e82be7d358&amp;apos;, time: &amp;apos;2018-11-14T08:17:03&amp;apos;
System info: host: &amp;apos;SARANYAPC&amp;apos;, ip: &amp;apos;192.168.1.35&amp;apos;, os.name: &amp;apos;Windows 10&amp;apos;, os.arch: &amp;apos;amd64&amp;apos;, os.version: &amp;apos;10.0&amp;apos;, java.version: &amp;apos;14.0.1&amp;apos;
Driver info: io.appium.java_client.android.AndroidDriver
Capabilities {appActivity: nl.moboa.myclay.welcome.Wel..., appPackage: nl.moboa.myclay, automationName: uiautomator2, chromeOptions: {w3c: false}, databaseEnabled: false, desired: {appActivity: nl.moboa.myclay.welcome.Wel..., appPackage: nl.moboa.myclay, automationName: uiautomator2, chromeOptions: {w3c: false}, noReset: true, noSign: true, platformName: android}, deviceApiLevel: 33, deviceManufacturer: samsung, deviceModel: SM-G770F, deviceName: RF8N21DKK4J, deviceScreenDensity: 420, deviceScreenSize: 1080x2400, deviceUDID: RF8N21DKK4J, javascriptEnabled: true, locationContextEnabled: false, networkConnectionEnabled: true, noReset: true, noSign: true, pixelRatio: 2.625, platform: LINUX, platformName: ANDROID, platformVersion: 13, statBarHeight: 90, takesScreenshot: true, viewportRect: {height: 2091, left: 0, top: 90, width: 1080}, warnings: {}, webStorageEnabled: false}
Session ID: e67543be-608d-4531-a668-ef54685780b1">
      <![CDATA[org.openqa.selenium.WebDriverException: An unknown server-side error occurred while processing the command. Original error: Could not proxy command to the remote server. Original error: socket hang up
Build info: version: '3.141.59', revision: 'e82be7d358', time: '2018-11-14T08:17:03'
System info: host: 'SARANYAPC', ip: '192.168.1.35', os.name: 'Windows 10', os.arch: 'amd64', os.version: '10.0', java.version: '14.0.1'
Driver info: io.appium.java_client.android.AndroidDriver
Capabilities {appActivity: nl.moboa.myclay.welcome.Wel..., appPackage: nl.moboa.myclay, automationName: uiautomator2, chromeOptions: {w3c: false}, databaseEnabled: false, desired: {appActivity: nl.moboa.myclay.welcome.Wel..., appPackage: nl.moboa.myclay, automationName: uiautomator2, chromeOptions: {w3c: false}, noReset: true, noSign: true, platformName: android}, deviceApiLevel: 33, deviceManufacturer: samsung, deviceModel: SM-G770F, deviceName: RF8N21DKK4J, deviceScreenDensity: 420, deviceScreenSize: 1080x2400, deviceUDID: RF8N21DKK4J, javascriptEnabled: true, locationContextEnabled: false, networkConnectionEnabled: true, noReset: true, noSign: true, pixelRatio: 2.625, platform: LINUX, platformName: ANDROID, platformVersion: 13, statBarHeight: 90, takesScreenshot: true, viewportRect: {height: 2091, left: 0, top: 90, width: 1080}, warnings: {}, webStorageEnabled: false}
Session ID: e67543be-608d-4531-a668-ef54685780b1
at org.openqa.selenium.remote.http.W3CHttpResponseCodec.createException(W3CHttpResponseCodec.java:187)
at org.openqa.selenium.remote.http.W3CHttpResponseCodec.decode(W3CHttpResponseCodec.java:122)
at org.openqa.selenium.remote.http.W3CHttpResponseCodec.decode(W3CHttpResponseCodec.java:49)
at org.openqa.selenium.remote.HttpCommandExecutor.execute(HttpCommandExecutor.java:158)
at io.appium.java_client.remote.AppiumCommandExecutor.execute(AppiumCommandExecutor.java:239)
at org.openqa.selenium.remote.RemoteWebDriver.execute(RemoteWebDriver.java:552)
at io.appium.java_client.DefaultGenericMobileDriver.execute(DefaultGenericMobileDriver.java:45)
at io.appium.java_client.AppiumDriver.execute(AppiumDriver.java:1)
at io.appium.java_client.android.AndroidDriver.execute(AndroidDriver.java:1)
at org.openqa.selenium.remote.RemoteWebDriver.getScreenshotAs(RemoteWebDriver.java:295)
at com.stg.gsd.fordpass.poc.Helper.captureScreenshot(Helper.java:20)
at com.stg.gsd.fordpass.poc.BaseTest.Completion(BaseTest.java:157)
at java.base/java.util.ArrayList.forEach(ArrayList.java:1510)
... Removed 37 stack frames]]>
    </failure>
  </testcase> <!-- @AfterMethod Completion -->
  <testcase classname="com.stg.gsd.fordpass.poc.BaseTest" name="@AfterMethod Completion" time="0.023">
    <failure type="org.openqa.selenium.WebDriverException" message="An unknown server-side error occurred while processing the command. Original error: Could not proxy command to the remote server. Original error: socket hang up
Build info: version: &amp;apos;3.141.59&amp;apos;, revision: &amp;apos;e82be7d358&amp;apos;, time: &amp;apos;2018-11-14T08:17:03&amp;apos;
System info: host: &amp;apos;SARANYAPC&amp;apos;, ip: &amp;apos;192.168.1.35&amp;apos;, os.name: &amp;apos;Windows 10&amp;apos;, os.arch: &amp;apos;amd64&amp;apos;, os.version: &amp;apos;10.0&amp;apos;, java.version: &amp;apos;14.0.1&amp;apos;
Driver info: io.appium.java_client.android.AndroidDriver
Capabilities {appActivity: nl.moboa.myclay.welcome.Wel..., appPackage: nl.moboa.myclay, automationName: uiautomator2, chromeOptions: {w3c: false}, databaseEnabled: false, desired: {appActivity: nl.moboa.myclay.welcome.Wel..., appPackage: nl.moboa.myclay, automationName: uiautomator2, chromeOptions: {w3c: false}, noReset: true, noSign: true, platformName: android}, deviceApiLevel: 33, deviceManufacturer: samsung, deviceModel: SM-G770F, deviceName: RF8N21DKK4J, deviceScreenDensity: 420, deviceScreenSize: 1080x2400, deviceUDID: RF8N21DKK4J, javascriptEnabled: true, locationContextEnabled: false, networkConnectionEnabled: true, noReset: true, noSign: true, pixelRatio: 2.625, platform: LINUX, platformName: ANDROID, platformVersion: 13, statBarHeight: 90, takesScreenshot: true, viewportRect: {height: 2091, left: 0, top: 90, width: 1080}, warnings: {}, webStorageEnabled: false}
Session ID: e67543be-608d-4531-a668-ef54685780b1">
      <![CDATA[org.openqa.selenium.WebDriverException: An unknown server-side error occurred while processing the command. Original error: Could not proxy command to the remote server. Original error: socket hang up
Build info: version: '3.141.59', revision: 'e82be7d358', time: '2018-11-14T08:17:03'
System info: host: 'SARANYAPC', ip: '192.168.1.35', os.name: 'Windows 10', os.arch: 'amd64', os.version: '10.0', java.version: '14.0.1'
Driver info: io.appium.java_client.android.AndroidDriver
Capabilities {appActivity: nl.moboa.myclay.welcome.Wel..., appPackage: nl.moboa.myclay, automationName: uiautomator2, chromeOptions: {w3c: false}, databaseEnabled: false, desired: {appActivity: nl.moboa.myclay.welcome.Wel..., appPackage: nl.moboa.myclay, automationName: uiautomator2, chromeOptions: {w3c: false}, noReset: true, noSign: true, platformName: android}, deviceApiLevel: 33, deviceManufacturer: samsung, deviceModel: SM-G770F, deviceName: RF8N21DKK4J, deviceScreenDensity: 420, deviceScreenSize: 1080x2400, deviceUDID: RF8N21DKK4J, javascriptEnabled: true, locationContextEnabled: false, networkConnectionEnabled: true, noReset: true, noSign: true, pixelRatio: 2.625, platform: LINUX, platformName: ANDROID, platformVersion: 13, statBarHeight: 90, takesScreenshot: true, viewportRect: {height: 2091, left: 0, top: 90, width: 1080}, warnings: {}, webStorageEnabled: false}
Session ID: e67543be-608d-4531-a668-ef54685780b1
at org.openqa.selenium.remote.http.W3CHttpResponseCodec.createException(W3CHttpResponseCodec.java:187)
at org.openqa.selenium.remote.http.W3CHttpResponseCodec.decode(W3CHttpResponseCodec.java:122)
at org.openqa.selenium.remote.http.W3CHttpResponseCodec.decode(W3CHttpResponseCodec.java:49)
at org.openqa.selenium.remote.HttpCommandExecutor.execute(HttpCommandExecutor.java:158)
at io.appium.java_client.remote.AppiumCommandExecutor.execute(AppiumCommandExecutor.java:239)
at org.openqa.selenium.remote.RemoteWebDriver.execute(RemoteWebDriver.java:552)
at io.appium.java_client.DefaultGenericMobileDriver.execute(DefaultGenericMobileDriver.java:45)
at io.appium.java_client.AppiumDriver.execute(AppiumDriver.java:1)
at io.appium.java_client.android.AndroidDriver.execute(AndroidDriver.java:1)
at org.openqa.selenium.remote.RemoteWebDriver.getScreenshotAs(RemoteWebDriver.java:295)
at com.stg.gsd.fordpass.poc.Helper.captureScreenshot(Helper.java:20)
at com.stg.gsd.fordpass.poc.BaseTest.Completion(BaseTest.java:157)
at java.base/java.util.ArrayList.forEach(ArrayList.java:1510)
... Removed 37 stack frames]]>
    </failure>
  </testcase> <!-- @AfterMethod Completion -->
  <testcase classname="com.stg.gsd.fordpass.poc.GSDFordPassNewVehicleExperience" name="loginPageUIElementTest" time="21.235">
    <failure type="org.openqa.selenium.NoSuchElementException" message="Can&amp;apos;t locate an element by this strategy: By.id: login_username_text">
      <![CDATA[org.openqa.selenium.NoSuchElementException: Can't locate an element by this strategy: By.id: login_username_text
at io.appium.java_client.pagefactory.AppiumElementLocator.findElement(AppiumElementLocator.java:126)
at io.appium.java_client.pagefactory.interceptors.InterceptorOfASingleElement.intercept(InterceptorOfASingleElement.java:59)
at io.appium.java_client.android.AndroidElement$$EnhancerByCGLIB$$b598166c.isDisplayed(<generated>)
at com.stg.gsd.fordpass.poc.GSDFordPassNewVehicleExperience.loginPageUIElementTest(GSDFordPassNewVehicleExperience.java:114)
at java.base/java.util.ArrayList.forEach(ArrayList.java:1510)
Caused by: org.openqa.selenium.TimeoutException: Expected condition failed: waiting for io.appium.java_client.pagefactory.AppiumElementLocator$WaitingFunction@323659f8 (tried for 1 second(s) with 500 milliseconds interval)
at org.openqa.selenium.support.ui.FluentWait.timeoutException(FluentWait.java:304)
at org.openqa.selenium.support.ui.FluentWait.until(FluentWait.java:272)
at io.appium.java_client.pagefactory.AppiumElementLocator.waitFor(AppiumElementLocator.java:99)
at io.appium.java_client.pagefactory.AppiumElementLocator.findElement(AppiumElementLocator.java:119)
... 31 more
Caused by: org.openqa.selenium.NoSuchElementException: An element could not be located on the page using the given search parameters.
For documentation on this error, please visit: https://www.seleniumhq.org/exceptions/no_such_element.html
Build info: version: '3.141.59', revision: 'e82be7d358', time: '2018-11-14T08:17:03'
System info: host: 'SARANYAPC', ip: '192.168.1.35', os.name: 'Windows 10', os.arch: 'amd64', os.version: '10.0', java.version: '14.0.1'
Driver info: io.appium.java_client.android.AndroidDriver
Capabilities {appActivity: nl.moboa.myclay.welcome.Wel..., appPackage: nl.moboa.myclay, automationName: uiautomator2, chromeOptions: {w3c: false}, databaseEnabled: false, desired: {appActivity: nl.moboa.myclay.welcome.Wel..., appPackage: nl.moboa.myclay, automationName: uiautomator2, chromeOptions: {w3c: false}, noReset: true, noSign: true, platformName: android}, deviceApiLevel: 33, deviceManufacturer: samsung, deviceModel: SM-G770F, deviceName: RF8N21DKK4J, deviceScreenDensity: 420, deviceScreenSize: 1080x2400, deviceUDID: RF8N21DKK4J, javascriptEnabled: true, locationContextEnabled: false, networkConnectionEnabled: true, noReset: true, noSign: true, pixelRatio: 2.625, platform: LINUX, platformName: ANDROID, platformVersion: 13, statBarHeight: 90, takesScreenshot: true, viewportRect: {height: 2091, left: 0, top: 90, width: 1080}, warnings: {}, webStorageEnabled: false}
Session ID: d990067e-85b4-43df-83fd-229da62394f8
*** Element info: {Using=id, value=login_username_text}
at org.openqa.selenium.remote.http.W3CHttpResponseCodec.createException(W3CHttpResponseCodec.java:187)
at org.openqa.selenium.remote.http.W3CHttpResponseCodec.decode(W3CHttpResponseCodec.java:122)
at org.openqa.selenium.remote.http.W3CHttpResponseCodec.decode(W3CHttpResponseCodec.java:49)
at org.openqa.selenium.remote.HttpCommandExecutor.execute(HttpCommandExecutor.java:158)
at io.appium.java_client.remote.AppiumCommandExecutor.execute(AppiumCommandExecutor.java:239)
at org.openqa.selenium.remote.RemoteWebDriver.execute(RemoteWebDriver.java:552)
at io.appium.java_client.DefaultGenericMobileDriver.execute(DefaultGenericMobileDriver.java:41)
at io.appium.java_client.AppiumDriver.execute(AppiumDriver.java:1)
at io.appium.java_client.android.AndroidDriver.execute(AndroidDriver.java:1)
at org.openqa.selenium.remote.RemoteWebDriver.findElement(RemoteWebDriver.java:323)
at io.appium.java_client.DefaultGenericMobileDriver.findElement(DefaultGenericMobileDriver.java:61)
at io.appium.java_client.AppiumDriver.findElement(AppiumDriver.java:1)
at io.appium.java_client.android.AndroidDriver.findElement(AndroidDriver.java:1)
at org.openqa.selenium.remote.RemoteWebDriver.findElementById(RemoteWebDriver.java:372)
at io.appium.java_client.DefaultGenericMobileDriver.findElementById(DefaultGenericMobileDriver.java:69)
at io.appium.java_client.AppiumDriver.findElementById(AppiumDriver.java:1)
at io.appium.java_client.android.AndroidDriver.findElementById(AndroidDriver.java:1)
at org.openqa.selenium.By$ById.findElement(By.java:188)
at org.openqa.selenium.remote.RemoteWebDriver.findElement(RemoteWebDriver.java:315)
at io.appium.java_client.DefaultGenericMobileDriver.findElement(DefaultGenericMobileDriver.java:57)
at io.appium.java_client.AppiumDriver.findElement(AppiumDriver.java:1)
at io.appium.java_client.android.AndroidDriver.findElement(AndroidDriver.java:1)
at io.appium.java_client.pagefactory.bys.ContentMappedBy.findElement(ContentMappedBy.java:50)
at org.openqa.selenium.remote.RemoteWebDriver.findElement(RemoteWebDriver.java:315)
at io.appium.java_client.DefaultGenericMobileDriver.findElement(DefaultGenericMobileDriver.java:57)
at io.appium.java_client.AppiumDriver.findElement(AppiumDriver.java:1)
at io.appium.java_client.android.AndroidDriver.findElement(AndroidDriver.java:1)
at io.appium.java_client.pagefactory.AppiumElementLocator.lambda$0(AppiumElementLocator.java:120)
at io.appium.java_client.pagefactory.AppiumElementLocator$WaitingFunction.apply(AppiumElementLocator.java:172)
at io.appium.java_client.pagefactory.AppiumElementLocator$WaitingFunction.apply(AppiumElementLocator.java:1)
at org.openqa.selenium.support.ui.FluentWait.until(FluentWait.java:249)
... 33 more
... Removed 32 stack frames]]>
    </failure>
  </testcase> <!-- loginPageUIElementTest -->
  <testcase classname="com.stg.gsd.fordpass.poc.GSDFordPassNewVehicleExperience" name="loginTest" time="8.188">
    <failure type="org.openqa.selenium.WebDriverException" message="org.openqa.selenium.WebDriverException: Connection refused: no further information
Build info: version: &amp;apos;3.141.59&amp;apos;, revision: &amp;apos;e82be7d358&amp;apos;, time: &amp;apos;2018-11-14T08:17:03&amp;apos;
System info: host: &amp;apos;SARANYAPC&amp;apos;, ip: &amp;apos;192.168.1.35&amp;apos;, os.name: &amp;apos;Windows 10&amp;apos;, os.arch: &amp;apos;amd64&amp;apos;, os.version: &amp;apos;10.0&amp;apos;, java.version: &amp;apos;14.0.1&amp;apos;
Driver info: driver.version: AndroidDriver">
      <![CDATA[org.openqa.selenium.WebDriverException: org.openqa.selenium.WebDriverException: Connection refused: no further information
Build info: version: '3.141.59', revision: 'e82be7d358', time: '2018-11-14T08:17:03'
System info: host: 'SARANYAPC', ip: '192.168.1.35', os.name: 'Windows 10', os.arch: 'amd64', os.version: '10.0', java.version: '14.0.1'
Driver info: driver.version: AndroidDriver
at io.appium.java_client.pagefactory.AppiumElementLocator$WaitingFunction.apply(AppiumElementLocator.java:192)
at io.appium.java_client.pagefactory.AppiumElementLocator$WaitingFunction.apply(AppiumElementLocator.java:1)
at org.openqa.selenium.support.ui.FluentWait.until(FluentWait.java:249)
at io.appium.java_client.pagefactory.AppiumElementLocator.waitFor(AppiumElementLocator.java:99)
at io.appium.java_client.pagefactory.AppiumElementLocator.findElement(AppiumElementLocator.java:119)
at io.appium.java_client.pagefactory.interceptors.InterceptorOfASingleElement.intercept(InterceptorOfASingleElement.java:59)
at io.appium.java_client.android.AndroidElement$$EnhancerByCGLIB$$b598166c.isDisplayed(<generated>)
at com.stg.gsd.fordpass.poc.GSDFordPassNewVehicleExperience.loginTest(GSDFordPassNewVehicleExperience.java:304)
at java.base/java.util.ArrayList.forEach(ArrayList.java:1510)
Caused by: org.openqa.selenium.WebDriverException: Connection refused: no further information
Build info: version: '3.141.59', revision: 'e82be7d358', time: '2018-11-14T08:17:03'
System info: host: 'SARANYAPC', ip: '192.168.1.35', os.name: 'Windows 10', os.arch: 'amd64', os.version: '10.0', java.version: '14.0.1'
Driver info: driver.version: AndroidDriver
at io.appium.java_client.remote.AppiumCommandExecutor.lambda$5(AppiumCommandExecutor.java:251)
at java.base/java.util.Optional.orElseGet(Optional.java:362)
at io.appium.java_client.remote.AppiumCommandExecutor.execute(AppiumCommandExecutor.java:250)
at org.openqa.selenium.remote.RemoteWebDriver.execute(RemoteWebDriver.java:552)
at io.appium.java_client.DefaultGenericMobileDriver.execute(DefaultGenericMobileDriver.java:41)
at io.appium.java_client.AppiumDriver.execute(AppiumDriver.java:1)
at io.appium.java_client.android.AndroidDriver.execute(AndroidDriver.java:1)
at org.openqa.selenium.remote.RemoteWebDriver.findElement(RemoteWebDriver.java:323)
at io.appium.java_client.DefaultGenericMobileDriver.findElement(DefaultGenericMobileDriver.java:61)
at io.appium.java_client.AppiumDriver.findElement(AppiumDriver.java:1)
at io.appium.java_client.android.AndroidDriver.findElement(AndroidDriver.java:1)
at org.openqa.selenium.remote.RemoteWebDriver.findElementById(RemoteWebDriver.java:372)
at io.appium.java_client.DefaultGenericMobileDriver.findElementById(DefaultGenericMobileDriver.java:69)
at io.appium.java_client.AppiumDriver.findElementById(AppiumDriver.java:1)
at io.appium.java_client.android.AndroidDriver.findElementById(AndroidDriver.java:1)
at org.openqa.selenium.By$ById.findElement(By.java:188)
at org.openqa.selenium.remote.RemoteWebDriver.findElement(RemoteWebDriver.java:315)
at io.appium.java_client.DefaultGenericMobileDriver.findElement(DefaultGenericMobileDriver.java:57)
at io.appium.java_client.AppiumDriver.findElement(AppiumDriver.java:1)
at io.appium.java_client.android.AndroidDriver.findElement(AndroidDriver.java:1)
at io.appium.java_client.pagefactory.bys.ContentMappedBy.findElement(ContentMappedBy.java:50)
at org.openqa.selenium.remote.RemoteWebDriver.findElement(RemoteWebDriver.java:315)
at io.appium.java_client.DefaultGenericMobileDriver.findElement(DefaultGenericMobileDriver.java:57)
at io.appium.java_client.AppiumDriver.findElement(AppiumDriver.java:1)
at io.appium.java_client.android.AndroidDriver.findElement(AndroidDriver.java:1)
at io.appium.java_client.pagefactory.AppiumElementLocator.lambda$0(AppiumElementLocator.java:120)
at io.appium.java_client.pagefactory.AppiumElementLocator$WaitingFunction.apply(AppiumElementLocator.java:172)
... 35 more
Caused by: java.net.ConnectException: Connection refused: no further information
at java.base/sun.nio.ch.Net.pollConnect(Native Method)
at java.base/sun.nio.ch.Net.pollConnectNow(Net.java:589)
at java.base/sun.nio.ch.NioSocketImpl.timedFinishConnect(NioSocketImpl.java:549)
at java.base/sun.nio.ch.NioSocketImpl.connect(NioSocketImpl.java:597)
at java.base/java.net.SocksSocketImpl.connect(SocksSocketImpl.java:333)
at java.base/java.net.Socket.connect(Socket.java:648)
at okhttp3.internal.platform.Platform.connectSocket(Platform.java:129)
at okhttp3.internal.connection.RealConnection.connectSocket(RealConnection.java:245)
at okhttp3.internal.connection.RealConnection.connect(RealConnection.java:165)
at okhttp3.internal.connection.StreamAllocation.findConnection(StreamAllocation.java:257)
at okhttp3.internal.connection.StreamAllocation.findHealthyConnection(StreamAllocation.java:135)
at okhttp3.internal.connection.StreamAllocation.newStream(StreamAllocation.java:114)
at okhttp3.internal.connection.ConnectInterceptor.intercept(ConnectInterceptor.java:42)
at okhttp3.internal.http.RealInterceptorChain.proceed(RealInterceptorChain.java:147)
at okhttp3.internal.http.RealInterceptorChain.proceed(RealInterceptorChain.java:121)
at okhttp3.internal.cache.CacheInterceptor.intercept(CacheInterceptor.java:93)
at okhttp3.internal.http.RealInterceptorChain.proceed(RealInterceptorChain.java:147)
at okhttp3.internal.http.RealInterceptorChain.proceed(RealInterceptorChain.java:121)
at okhttp3.internal.http.BridgeInterceptor.intercept(BridgeInterceptor.java:93)
at okhttp3.internal.http.RealInterceptorChain.proceed(RealInterceptorChain.java:147)
at okhttp3.internal.http.RetryAndFollowUpInterceptor.intercept(RetryAndFollowUpInterceptor.java:126)
at okhttp3.internal.http.RealInterceptorChain.proceed(RealInterceptorChain.java:147)
at okhttp3.internal.http.RealInterceptorChain.proceed(RealInterceptorChain.java:121)
at okhttp3.RealCall.getResponseWithInterceptorChain(RealCall.java:200)
at okhttp3.RealCall.execute(RealCall.java:77)
at org.openqa.selenium.remote.internal.OkHttpClient.execute(OkHttpClient.java:103)
at org.openqa.selenium.remote.HttpCommandExecutor.execute(HttpCommandExecutor.java:155)
at io.appium.java_client.remote.AppiumCommandExecutor.execute(AppiumCommandExecutor.java:239)
... 59 more
... Removed 27 stack frames]]>
    </failure>
  </testcase> <!-- loginTest -->
  <testcase classname="com.stg.gsd.fordpass.poc.GSDFordPassNewVehicleExperience" name="fordPassNewLook" time="0.053">
    <failure type="org.openqa.selenium.WebDriverException" message="org.openqa.selenium.NoSuchSessionException: A session is either terminated or not started
Build info: version: &amp;apos;3.141.59&amp;apos;, revision: &amp;apos;e82be7d358&amp;apos;, time: &amp;apos;2018-11-14T08:17:03&amp;apos;
System info: host: &amp;apos;SARANYAPC&amp;apos;, ip: &amp;apos;192.168.1.35&amp;apos;, os.name: &amp;apos;Windows 10&amp;apos;, os.arch: &amp;apos;amd64&amp;apos;, os.version: &amp;apos;10.0&amp;apos;, java.version: &amp;apos;14.0.1&amp;apos;
Driver info: io.appium.java_client.android.AndroidDriver
Capabilities {appActivity: nl.moboa.myclay.welcome.Wel..., appPackage: nl.moboa.myclay, automationName: uiautomator2, chromeOptions: {w3c: false}, databaseEnabled: false, desired: {appActivity: nl.moboa.myclay.welcome.Wel..., appPackage: nl.moboa.myclay, automationName: uiautomator2, chromeOptions: {w3c: false}, noReset: true, noSign: true, platformName: android}, deviceApiLevel: 33, deviceManufacturer: samsung, deviceModel: SM-G770F, deviceName: RF8N21DKK4J, deviceScreenDensity: 420, deviceScreenSize: 1080x2400, deviceUDID: RF8N21DKK4J, javascriptEnabled: true, locationContextEnabled: false, networkConnectionEnabled: true, noReset: true, noSign: true, pixelRatio: 2.625, platform: LINUX, platformName: ANDROID, platformVersion: 13, statBarHeight: 90, takesScreenshot: true, viewportRect: {height: 2091, left: 0, top: 90, width: 1080}, warnings: {}, webStorageEnabled: false}
Session ID: d990067e-85b4-43df-83fd-229da62394f8
*** Element info: {Using=id, value=move_whatsNew_imageView}">
      <![CDATA[org.openqa.selenium.WebDriverException: org.openqa.selenium.NoSuchSessionException: A session is either terminated or not started
Build info: version: '3.141.59', revision: 'e82be7d358', time: '2018-11-14T08:17:03'
System info: host: 'SARANYAPC', ip: '192.168.1.35', os.name: 'Windows 10', os.arch: 'amd64', os.version: '10.0', java.version: '14.0.1'
Driver info: io.appium.java_client.android.AndroidDriver
Capabilities {appActivity: nl.moboa.myclay.welcome.Wel..., appPackage: nl.moboa.myclay, automationName: uiautomator2, chromeOptions: {w3c: false}, databaseEnabled: false, desired: {appActivity: nl.moboa.myclay.welcome.Wel..., appPackage: nl.moboa.myclay, automationName: uiautomator2, chromeOptions: {w3c: false}, noReset: true, noSign: true, platformName: android}, deviceApiLevel: 33, deviceManufacturer: samsung, deviceModel: SM-G770F, deviceName: RF8N21DKK4J, deviceScreenDensity: 420, deviceScreenSize: 1080x2400, deviceUDID: RF8N21DKK4J, javascriptEnabled: true, locationContextEnabled: false, networkConnectionEnabled: true, noReset: true, noSign: true, pixelRatio: 2.625, platform: LINUX, platformName: ANDROID, platformVersion: 13, statBarHeight: 90, takesScreenshot: true, viewportRect: {height: 2091, left: 0, top: 90, width: 1080}, warnings: {}, webStorageEnabled: false}
Session ID: d990067e-85b4-43df-83fd-229da62394f8
*** Element info: {Using=id, value=move_whatsNew_imageView}
at io.appium.java_client.pagefactory.AppiumElementLocator$WaitingFunction.apply(AppiumElementLocator.java:192)
at io.appium.java_client.pagefactory.AppiumElementLocator$WaitingFunction.apply(AppiumElementLocator.java:1)
at org.openqa.selenium.support.ui.FluentWait.until(FluentWait.java:249)
at io.appium.java_client.pagefactory.AppiumElementLocator.waitFor(AppiumElementLocator.java:99)
at io.appium.java_client.pagefactory.AppiumElementLocator.findElement(AppiumElementLocator.java:119)
at io.appium.java_client.pagefactory.interceptors.InterceptorOfASingleElement.intercept(InterceptorOfASingleElement.java:59)
at io.appium.java_client.android.AndroidElement$$EnhancerByCGLIB$$b598166c.isDisplayed(<generated>)
at org.openqa.selenium.support.ui.ExpectedConditions.elementIfVisible(ExpectedConditions.java:314)
at org.openqa.selenium.support.ui.ExpectedConditions.access$000(ExpectedConditions.java:43)
at org.openqa.selenium.support.ui.ExpectedConditions$10.apply(ExpectedConditions.java:300)
at org.openqa.selenium.support.ui.ExpectedConditions$10.apply(ExpectedConditions.java:297)
at org.openqa.selenium.support.ui.FluentWait.until(FluentWait.java:249)
at com.stg.gsd.fordpass.poc.GSDFordPassNewVehicleExperience.fordPassNewLook(GSDFordPassNewVehicleExperience.java:397)
at java.base/java.util.ArrayList.forEach(ArrayList.java:1510)
Caused by: org.openqa.selenium.NoSuchSessionException: A session is either terminated or not started
Build info: version: '3.141.59', revision: 'e82be7d358', time: '2018-11-14T08:17:03'
System info: host: 'SARANYAPC', ip: '192.168.1.35', os.name: 'Windows 10', os.arch: 'amd64', os.version: '10.0', java.version: '14.0.1'
Driver info: io.appium.java_client.android.AndroidDriver
Capabilities {appActivity: nl.moboa.myclay.welcome.Wel..., appPackage: nl.moboa.myclay, automationName: uiautomator2, chromeOptions: {w3c: false}, databaseEnabled: false, desired: {appActivity: nl.moboa.myclay.welcome.Wel..., appPackage: nl.moboa.myclay, automationName: uiautomator2, chromeOptions: {w3c: false}, noReset: true, noSign: true, platformName: android}, deviceApiLevel: 33, deviceManufacturer: samsung, deviceModel: SM-G770F, deviceName: RF8N21DKK4J, deviceScreenDensity: 420, deviceScreenSize: 1080x2400, deviceUDID: RF8N21DKK4J, javascriptEnabled: true, locationContextEnabled: false, networkConnectionEnabled: true, noReset: true, noSign: true, pixelRatio: 2.625, platform: LINUX, platformName: ANDROID, platformVersion: 13, statBarHeight: 90, takesScreenshot: true, viewportRect: {height: 2091, left: 0, top: 90, width: 1080}, warnings: {}, webStorageEnabled: false}
Session ID: d990067e-85b4-43df-83fd-229da62394f8
*** Element info: {Using=id, value=move_whatsNew_imageView}
at org.openqa.selenium.remote.http.W3CHttpResponseCodec.createException(W3CHttpResponseCodec.java:187)
at org.openqa.selenium.remote.http.W3CHttpResponseCodec.decode(W3CHttpResponseCodec.java:122)
at org.openqa.selenium.remote.http.W3CHttpResponseCodec.decode(W3CHttpResponseCodec.java:49)
at org.openqa.selenium.remote.HttpCommandExecutor.execute(HttpCommandExecutor.java:158)
at io.appium.java_client.remote.AppiumCommandExecutor.execute(AppiumCommandExecutor.java:239)
at org.openqa.selenium.remote.RemoteWebDriver.execute(RemoteWebDriver.java:552)
at io.appium.java_client.DefaultGenericMobileDriver.execute(DefaultGenericMobileDriver.java:41)
at io.appium.java_client.AppiumDriver.execute(AppiumDriver.java:1)
at io.appium.java_client.android.AndroidDriver.execute(AndroidDriver.java:1)
at org.openqa.selenium.remote.RemoteWebDriver.findElement(RemoteWebDriver.java:323)
at io.appium.java_client.DefaultGenericMobileDriver.findElement(DefaultGenericMobileDriver.java:61)
at io.appium.java_client.AppiumDriver.findElement(AppiumDriver.java:1)
at io.appium.java_client.android.AndroidDriver.findElement(AndroidDriver.java:1)
at org.openqa.selenium.remote.RemoteWebDriver.findElementById(RemoteWebDriver.java:372)
at io.appium.java_client.DefaultGenericMobileDriver.findElementById(DefaultGenericMobileDriver.java:69)
at io.appium.java_client.AppiumDriver.findElementById(AppiumDriver.java:1)
at io.appium.java_client.android.AndroidDriver.findElementById(AndroidDriver.java:1)
at org.openqa.selenium.By$ById.findElement(By.java:188)
at org.openqa.selenium.remote.RemoteWebDriver.findElement(RemoteWebDriver.java:315)
at io.appium.java_client.DefaultGenericMobileDriver.findElement(DefaultGenericMobileDriver.java:57)
at io.appium.java_client.AppiumDriver.findElement(AppiumDriver.java:1)
at io.appium.java_client.android.AndroidDriver.findElement(AndroidDriver.java:1)
at io.appium.java_client.pagefactory.bys.ContentMappedBy.findElement(ContentMappedBy.java:50)
at org.openqa.selenium.remote.RemoteWebDriver.findElement(RemoteWebDriver.java:315)
at io.appium.java_client.DefaultGenericMobileDriver.findElement(DefaultGenericMobileDriver.java:57)
at io.appium.java_client.AppiumDriver.findElement(AppiumDriver.java:1)
at io.appium.java_client.android.AndroidDriver.findElement(AndroidDriver.java:1)
at io.appium.java_client.pagefactory.AppiumElementLocator.lambda$0(AppiumElementLocator.java:120)
at io.appium.java_client.pagefactory.AppiumElementLocator$WaitingFunction.apply(AppiumElementLocator.java:172)
... 40 more
... Removed 32 stack frames]]>
    </failure>
  </testcase> <!-- fordPassNewLook -->
  <testcase classname="com.stg.gsd.fordpass.poc.GSDFordPassNewVehicleExperience" name="fordPassHomePageUIElementTest" time="0.017">
    <failure type="org.openqa.selenium.NoSuchSessionException" message="A session is either terminated or not started
Build info: version: &amp;apos;3.141.59&amp;apos;, revision: &amp;apos;e82be7d358&amp;apos;, time: &amp;apos;2018-11-14T08:17:03&amp;apos;
System info: host: &amp;apos;SARANYAPC&amp;apos;, ip: &amp;apos;192.168.1.35&amp;apos;, os.name: &amp;apos;Windows 10&amp;apos;, os.arch: &amp;apos;amd64&amp;apos;, os.version: &amp;apos;10.0&amp;apos;, java.version: &amp;apos;14.0.1&amp;apos;
Driver info: io.appium.java_client.android.AndroidDriver
Capabilities {appActivity: nl.moboa.myclay.welcome.Wel..., appPackage: nl.moboa.myclay, automationName: uiautomator2, chromeOptions: {w3c: false}, databaseEnabled: false, desired: {appActivity: nl.moboa.myclay.welcome.Wel..., appPackage: nl.moboa.myclay, automationName: uiautomator2, chromeOptions: {w3c: false}, noReset: true, noSign: true, platformName: android}, deviceApiLevel: 33, deviceManufacturer: samsung, deviceModel: SM-G770F, deviceName: RF8N21DKK4J, deviceScreenDensity: 420, deviceScreenSize: 1080x2400, deviceUDID: RF8N21DKK4J, javascriptEnabled: true, locationContextEnabled: false, networkConnectionEnabled: true, noReset: true, noSign: true, pixelRatio: 2.625, platform: LINUX, platformName: ANDROID, platformVersion: 13, statBarHeight: 90, takesScreenshot: true, viewportRect: {height: 2091, left: 0, top: 90, width: 1080}, warnings: {}, webStorageEnabled: false}
Session ID: d990067e-85b4-43df-83fd-229da62394f8
*** Element info: {Using=id, value=com.ford.fordpass:id/empty_garage_heading}">
      <![CDATA[org.openqa.selenium.NoSuchSessionException: A session is either terminated or not started
Build info: version: '3.141.59', revision: 'e82be7d358', time: '2018-11-14T08:17:03'
System info: host: 'SARANYAPC', ip: '192.168.1.35', os.name: 'Windows 10', os.arch: 'amd64', os.version: '10.0', java.version: '14.0.1'
Driver info: io.appium.java_client.android.AndroidDriver
Capabilities {appActivity: nl.moboa.myclay.welcome.Wel..., appPackage: nl.moboa.myclay, automationName: uiautomator2, chromeOptions: {w3c: false}, databaseEnabled: false, desired: {appActivity: nl.moboa.myclay.welcome.Wel..., appPackage: nl.moboa.myclay, automationName: uiautomator2, chromeOptions: {w3c: false}, noReset: true, noSign: true, platformName: android}, deviceApiLevel: 33, deviceManufacturer: samsung, deviceModel: SM-G770F, deviceName: RF8N21DKK4J, deviceScreenDensity: 420, deviceScreenSize: 1080x2400, deviceUDID: RF8N21DKK4J, javascriptEnabled: true, locationContextEnabled: false, networkConnectionEnabled: true, noReset: true, noSign: true, pixelRatio: 2.625, platform: LINUX, platformName: ANDROID, platformVersion: 13, statBarHeight: 90, takesScreenshot: true, viewportRect: {height: 2091, left: 0, top: 90, width: 1080}, warnings: {}, webStorageEnabled: false}
Session ID: d990067e-85b4-43df-83fd-229da62394f8
*** Element info: {Using=id, value=com.ford.fordpass:id/empty_garage_heading}
at org.openqa.selenium.remote.http.W3CHttpResponseCodec.createException(W3CHttpResponseCodec.java:187)
at org.openqa.selenium.remote.http.W3CHttpResponseCodec.decode(W3CHttpResponseCodec.java:122)
at org.openqa.selenium.remote.http.W3CHttpResponseCodec.decode(W3CHttpResponseCodec.java:49)
at org.openqa.selenium.remote.HttpCommandExecutor.execute(HttpCommandExecutor.java:158)
at io.appium.java_client.remote.AppiumCommandExecutor.execute(AppiumCommandExecutor.java:239)
at org.openqa.selenium.remote.RemoteWebDriver.execute(RemoteWebDriver.java:552)
at io.appium.java_client.DefaultGenericMobileDriver.execute(DefaultGenericMobileDriver.java:41)
at io.appium.java_client.AppiumDriver.execute(AppiumDriver.java:1)
at io.appium.java_client.android.AndroidDriver.execute(AndroidDriver.java:1)
at org.openqa.selenium.remote.RemoteWebDriver.findElement(RemoteWebDriver.java:323)
at io.appium.java_client.DefaultGenericMobileDriver.findElement(DefaultGenericMobileDriver.java:61)
at io.appium.java_client.AppiumDriver.findElement(AppiumDriver.java:1)
at io.appium.java_client.android.AndroidDriver.findElement(AndroidDriver.java:1)
at org.openqa.selenium.remote.RemoteWebDriver.findElementById(RemoteWebDriver.java:372)
at io.appium.java_client.DefaultGenericMobileDriver.findElementById(DefaultGenericMobileDriver.java:69)
at io.appium.java_client.AppiumDriver.findElementById(AppiumDriver.java:1)
at io.appium.java_client.android.AndroidDriver.findElementById(AndroidDriver.java:1)
at org.openqa.selenium.By$ById.findElement(By.java:188)
at org.openqa.selenium.remote.RemoteWebDriver.findElement(RemoteWebDriver.java:315)
at io.appium.java_client.DefaultGenericMobileDriver.findElement(DefaultGenericMobileDriver.java:57)
at io.appium.java_client.AppiumDriver.findElement(AppiumDriver.java:1)
at io.appium.java_client.android.AndroidDriver.findElement(AndroidDriver.java:1)
at com.stg.gsd.fordpass.poc.GSDFordPassNewVehicleExperience.fordPassHomePageUIElementTest(GSDFordPassNewVehicleExperience.java:526)
at java.base/java.util.ArrayList.forEach(ArrayList.java:1510)
... Removed 32 stack frames]]>
    </failure>
  </testcase> <!-- fordPassHomePageUIElementTest -->
  <testcase classname="com.stg.gsd.fordpass.poc.GSDFordPassNewVehicleExperience" name="fordPassAddVehicleTest" time="0.016">
    <failure type="org.openqa.selenium.NoSuchSessionException" message="A session is either terminated or not started
Build info: version: &amp;apos;3.141.59&amp;apos;, revision: &amp;apos;e82be7d358&amp;apos;, time: &amp;apos;2018-11-14T08:17:03&amp;apos;
System info: host: &amp;apos;SARANYAPC&amp;apos;, ip: &amp;apos;192.168.1.35&amp;apos;, os.name: &amp;apos;Windows 10&amp;apos;, os.arch: &amp;apos;amd64&amp;apos;, os.version: &amp;apos;10.0&amp;apos;, java.version: &amp;apos;14.0.1&amp;apos;
Driver info: io.appium.java_client.android.AndroidDriver
Capabilities {appActivity: nl.moboa.myclay.welcome.Wel..., appPackage: nl.moboa.myclay, automationName: uiautomator2, chromeOptions: {w3c: false}, databaseEnabled: false, desired: {appActivity: nl.moboa.myclay.welcome.Wel..., appPackage: nl.moboa.myclay, automationName: uiautomator2, chromeOptions: {w3c: false}, noReset: true, noSign: true, platformName: android}, deviceApiLevel: 33, deviceManufacturer: samsung, deviceModel: SM-G770F, deviceName: RF8N21DKK4J, deviceScreenDensity: 420, deviceScreenSize: 1080x2400, deviceUDID: RF8N21DKK4J, javascriptEnabled: true, locationContextEnabled: false, networkConnectionEnabled: true, noReset: true, noSign: true, pixelRatio: 2.625, platform: LINUX, platformName: ANDROID, platformVersion: 13, statBarHeight: 90, takesScreenshot: true, viewportRect: {height: 2091, left: 0, top: 90, width: 1080}, warnings: {}, webStorageEnabled: false}
Session ID: d990067e-85b4-43df-83fd-229da62394f8
*** Element info: {Using=id, value=com.ford.fordpass:id/add_vehicle_button}">
      <![CDATA[org.openqa.selenium.NoSuchSessionException: A session is either terminated or not started
Build info: version: '3.141.59', revision: 'e82be7d358', time: '2018-11-14T08:17:03'
System info: host: 'SARANYAPC', ip: '192.168.1.35', os.name: 'Windows 10', os.arch: 'amd64', os.version: '10.0', java.version: '14.0.1'
Driver info: io.appium.java_client.android.AndroidDriver
Capabilities {appActivity: nl.moboa.myclay.welcome.Wel..., appPackage: nl.moboa.myclay, automationName: uiautomator2, chromeOptions: {w3c: false}, databaseEnabled: false, desired: {appActivity: nl.moboa.myclay.welcome.Wel..., appPackage: nl.moboa.myclay, automationName: uiautomator2, chromeOptions: {w3c: false}, noReset: true, noSign: true, platformName: android}, deviceApiLevel: 33, deviceManufacturer: samsung, deviceModel: SM-G770F, deviceName: RF8N21DKK4J, deviceScreenDensity: 420, deviceScreenSize: 1080x2400, deviceUDID: RF8N21DKK4J, javascriptEnabled: true, locationContextEnabled: false, networkConnectionEnabled: true, noReset: true, noSign: true, pixelRatio: 2.625, platform: LINUX, platformName: ANDROID, platformVersion: 13, statBarHeight: 90, takesScreenshot: true, viewportRect: {height: 2091, left: 0, top: 90, width: 1080}, warnings: {}, webStorageEnabled: false}
Session ID: d990067e-85b4-43df-83fd-229da62394f8
*** Element info: {Using=id, value=com.ford.fordpass:id/add_vehicle_button}
at org.openqa.selenium.remote.http.W3CHttpResponseCodec.createException(W3CHttpResponseCodec.java:187)
at org.openqa.selenium.remote.http.W3CHttpResponseCodec.decode(W3CHttpResponseCodec.java:122)
at org.openqa.selenium.remote.http.W3CHttpResponseCodec.decode(W3CHttpResponseCodec.java:49)
at org.openqa.selenium.remote.HttpCommandExecutor.execute(HttpCommandExecutor.java:158)
at io.appium.java_client.remote.AppiumCommandExecutor.execute(AppiumCommandExecutor.java:239)
at org.openqa.selenium.remote.RemoteWebDriver.execute(RemoteWebDriver.java:552)
at io.appium.java_client.DefaultGenericMobileDriver.execute(DefaultGenericMobileDriver.java:41)
at io.appium.java_client.AppiumDriver.execute(AppiumDriver.java:1)
at io.appium.java_client.android.AndroidDriver.execute(AndroidDriver.java:1)
at org.openqa.selenium.remote.RemoteWebDriver.findElement(RemoteWebDriver.java:323)
at io.appium.java_client.DefaultGenericMobileDriver.findElement(DefaultGenericMobileDriver.java:61)
at io.appium.java_client.AppiumDriver.findElement(AppiumDriver.java:1)
at io.appium.java_client.android.AndroidDriver.findElement(AndroidDriver.java:1)
at org.openqa.selenium.remote.RemoteWebDriver.findElementById(RemoteWebDriver.java:372)
at io.appium.java_client.DefaultGenericMobileDriver.findElementById(DefaultGenericMobileDriver.java:69)
at io.appium.java_client.AppiumDriver.findElementById(AppiumDriver.java:1)
at io.appium.java_client.android.AndroidDriver.findElementById(AndroidDriver.java:1)
at org.openqa.selenium.By$ById.findElement(By.java:188)
at org.openqa.selenium.remote.RemoteWebDriver.findElement(RemoteWebDriver.java:315)
at io.appium.java_client.DefaultGenericMobileDriver.findElement(DefaultGenericMobileDriver.java:57)
at io.appium.java_client.AppiumDriver.findElement(AppiumDriver.java:1)
at io.appium.java_client.android.AndroidDriver.findElement(AndroidDriver.java:1)
at com.stg.gsd.fordpass.poc.GSDFordPassNewVehicleExperience.fordPassAddVehicleTest(GSDFordPassNewVehicleExperience.java:656)
at java.base/java.util.ArrayList.forEach(ArrayList.java:1510)
... Removed 32 stack frames]]>
    </failure>
  </testcase> <!-- fordPassAddVehicleTest -->
  <testcase classname="com.stg.gsd.fordpass.poc.GSDFordPassNewVehicleExperience" name="logoutTest" time="0.03">
    <failure type="org.openqa.selenium.NoSuchSessionException" message="A session is either terminated or not started
Build info: version: &amp;apos;3.141.59&amp;apos;, revision: &amp;apos;e82be7d358&amp;apos;, time: &amp;apos;2018-11-14T08:17:03&amp;apos;
System info: host: &amp;apos;SARANYAPC&amp;apos;, ip: &amp;apos;192.168.1.35&amp;apos;, os.name: &amp;apos;Windows 10&amp;apos;, os.arch: &amp;apos;amd64&amp;apos;, os.version: &amp;apos;10.0&amp;apos;, java.version: &amp;apos;14.0.1&amp;apos;
Driver info: io.appium.java_client.android.AndroidDriver
Capabilities {appActivity: nl.moboa.myclay.welcome.Wel..., appPackage: nl.moboa.myclay, automationName: uiautomator2, chromeOptions: {w3c: false}, databaseEnabled: false, desired: {appActivity: nl.moboa.myclay.welcome.Wel..., appPackage: nl.moboa.myclay, automationName: uiautomator2, chromeOptions: {w3c: false}, noReset: true, noSign: true, platformName: android}, deviceApiLevel: 33, deviceManufacturer: samsung, deviceModel: SM-G770F, deviceName: RF8N21DKK4J, deviceScreenDensity: 420, deviceScreenSize: 1080x2400, deviceUDID: RF8N21DKK4J, javascriptEnabled: true, locationContextEnabled: false, networkConnectionEnabled: true, noReset: true, noSign: true, pixelRatio: 2.625, platform: LINUX, platformName: ANDROID, platformVersion: 13, statBarHeight: 90, takesScreenshot: true, viewportRect: {height: 2091, left: 0, top: 90, width: 1080}, warnings: {}, webStorageEnabled: false}
Session ID: d990067e-85b4-43df-83fd-229da62394f8">
      <![CDATA[org.openqa.selenium.NoSuchSessionException: A session is either terminated or not started
Build info: version: '3.141.59', revision: 'e82be7d358', time: '2018-11-14T08:17:03'
System info: host: 'SARANYAPC', ip: '192.168.1.35', os.name: 'Windows 10', os.arch: 'amd64', os.version: '10.0', java.version: '14.0.1'
Driver info: io.appium.java_client.android.AndroidDriver
[...]
at org.openqa.selenium.remote.http.W3CHttpResponseCodec.decode(W3CHttpResponseCodec.java:49)
at org.openqa.selenium.remote.HttpCommandExecutor.execute(HttpCommandExecutor.java:158)
at io.appium.java_client.remote.AppiumCommandExecutor.execute(AppiumCommandExecutor.java:239)
at org.openqa.selenium.remote.RemoteWebDriver.execute(RemoteWebDriver.java:552)
at io.appium.java_client.DefaultGenericMobileDriver.execute(DefaultGenericMobileDriver.java:41)
at io.appium.java_client.AppiumDriver.execute(AppiumDriver.java:1)
at io.appium.java_client.android.AndroidDriver.execute(AndroidDriver.java:1)
at org.openqa.selenium.remote.RemoteWebDriver.findElement(RemoteWebDriver.java:323)
at io.appium.java_client.DefaultGenericMobileDriver.findElement(DefaultGenericMobileDriver.java:61)
at io.appium.java_client.AppiumDriver.findElement(AppiumDriver.java:1)
at io.appium.java_client.android.AndroidDriver.findElement(AndroidDriver.java:1)
at org.openqa.selenium.remote.RemoteWebDriver.findElementById(RemoteWebDriver.java:372)
at io.appium.java_client.DefaultGenericMobileDriver.findElementById(DefaultGenericMobileDriver.java:69)
at io.appium.java_client.AppiumDriver.findElementById(AppiumDriver.java:1)
at io.appium.java_client.android.AndroidDriver.findElementById(AndroidDriver.java:1)
at org.openqa.selenium.By$ById.findElement(By.java:188)
at org.openqa.selenium.remote.RemoteWebDriver.findElement(RemoteWebDriver.java:315)
at io.appium.java_client.DefaultGenericMobileDriver.findElement(DefaultGenericMobileDriver.java:57)
at io.appium.java_client.AppiumDriver.findElement(AppiumDriver.java:1)
at io.appium.java_client.android.AndroidDriver.findElement(AndroidDriver.java:1)
at io.appium.java_client.pagefactory.bys.ContentMappedBy.findElement(ContentMappedBy.java:50)
at org.openqa.selenium.remote.RemoteWebDriver.findElement(RemoteWebDriver.java:315)
at io.appium.java_client.DefaultGenericMobileDriver.findElement(DefaultGenericMobileDriver.java:57)
at io.appium.java_client.AppiumDriver.findElement(AppiumDriver.java:1)
at io.appium.java_client.android.AndroidDriver.findElement(AndroidDriver.java:1)
at io.appium.java_client.pagefactory.AppiumElementLocator.lambda$0(AppiumElementLocator.java:120)
at io.appium.java_client.pagefactory.AppiumElementLocator$WaitingFunction.apply(AppiumElementLocator.java:172)
at io.appium.java_client.pagefactory.AppiumElementLocator$WaitingFunction.apply(AppiumElementLocator.java:1)
at org.openqa.selenium.support.ui.FluentWait.until(FluentWait.java:249)
... 38 more
... Removed 32 stack frames]]>
    </failure>
  </testcase> <!-- fordPassHomePageUIElementTest -->
  <testcase classname="com.stg.gsd.fordpass.poc.GSDFordPassDisplayRecallAndScheduleService" name="recallBadgeAndDetailsTest" time="10.476">
    <failure type="org.openqa.selenium.NoSuchElementException" message="Can&amp;apos;t locate an element by this strategy: By.id: unread_message_count">
      <![CDATA[org.openqa.selenium.NoSuchElementException: Can't locate an element by this strategy: By.id: unread_message_count
at io.appium.java_client.pagefactory.AppiumElementLocator.findElement(AppiumElementLocator.java:126)
at io.appium.java_client.pagefactory.interceptors.InterceptorOfASingleElement.intercept(InterceptorOfASingleElement.java:59)
at io.appium.java_client.android.AndroidElement$$EnhancerByCGLIB$$b598166c.isDisplayed(<generated>)
at com.stg.gsd.fordpass.poc.GSDFordPassDisplayRecallAndScheduleService.recallBadgeAndDetailsTest(GSDFordPassDisplayRecallAndScheduleService.java:791)
at java.base/java.util.ArrayList.forEach(ArrayList.java:1510)
Caused by: org.openqa.selenium.TimeoutException: Expected condition failed: waiting for io.appium.java_client.pagefactory.AppiumElementLocator$WaitingFunction@6f94fb9d (tried for 1 second(s) with 500 milliseconds interval)
at org.openqa.selenium.support.ui.FluentWait.timeoutException(FluentWait.java:304)
at org.openqa.selenium.support.ui.FluentWait.until(FluentWait.java:272)
at io.appium.java_client.pagefactory.AppiumElementLocator.waitFor(AppiumElementLocator.java:99)
at io.appium.java_client.pagefactory.AppiumElementLocator.findElement(AppiumElementLocator.java:119)
... 31 more
Caused by: org.openqa.selenium.NoSuchElementException: An element could not be located on the page using the given search parameters.
For documentation on this error, please visit: https://www.seleniumhq.org/exceptions/no_such_element.html
Build info: version: '3.141.59', revision: 'e82be7d358', time: '2018-11-14T08:17:03'
System info: host: 'SARANYAPC', ip: '192.168.1.35', os.name: 'Windows 10', os.arch: 'amd64', os.version: '10.0', java.version: '14.0.1'
Driver info: io.appium.java_client.android.AndroidDriver
Capabilities {appActivity: nl.moboa.myclay.welcome.Wel..., appPackage: nl.moboa.myclay, automationName: uiautomator2, chromeOptions: {w3c: false}, databaseEnabled: false, desired: {appActivity: nl.moboa.myclay.welcome.Wel..., appPackage: nl.moboa.myclay, automationName: uiautomator2, chromeOptions: {w3c: false}, noReset: true, noSign: true, platformName: android}, deviceApiLevel: 33, deviceManufacturer: samsung, deviceModel: SM-G770F, deviceName: RF8N21DKK4J, deviceScreenDensity: 420, deviceScreenSize: 1080x2400, deviceUDID: RF8N21DKK4J, javascriptEnabled: true, locationContextEnabled: false, networkConnectionEnabled: true, noReset: true, noSign: true, pixelRatio: 2.625, platform: LINUX, platformName: ANDROID, platformVersion: 13, statBarHeight: 90, takesScreenshot: true, viewportRect: {height: 2091, left: 0, top: 90, width: 1080}, warnings: {}, webStorageEnabled: false}
Session ID: 8140a08e-e6b5-444a-a550-0e4292f1744d
*** Element info: {Using=id, value=unread_message_count}
at org.openqa.selenium.remote.http.W3CHttpResponseCodec.createException(W3CHttpResponseCodec.java:187)
at org.openqa.selenium.remote.http.W3CHttpResponseCodec.decode(W3CHttpResponseCodec.java:122)
at org.openqa.selenium.remote.http.W3CHttpResponseCodec.decode(W3CHttpResponseCodec.java:49)
at org.openqa.selenium.remote.HttpCommandExecutor.execute(HttpCommandExecutor.java:158)
at io.appium.java_client.remote.AppiumCommandExecutor.execute(AppiumCommandExecutor.java:239)
at org.openqa.selenium.remote.RemoteWebDriver.execute(RemoteWebDriver.java:552)
at io.appium.java_client.DefaultGenericMobileDriver.execute(DefaultGenericMobileDriver.java:41)
at io.appium.java_client.AppiumDriver.execute(AppiumDriver.java:1)
at io.appium.java_client.android.AndroidDriver.execute(AndroidDriver.java:1)
at org.openqa.selenium.remote.RemoteWebDriver.findElement(RemoteWebDriver.java:323)
at io.appium.java_client.DefaultGenericMobileDriver.findElement(DefaultGenericMobileDriver.java:61)
at io.appium.java_client.AppiumDriver.findElement(AppiumDriver.java:1)
at io.appium.java_client.android.AndroidDriver.findElement(AndroidDriver.java:1)
at org.openqa.selenium.remote.RemoteWebDriver.findElementById(RemoteWebDriver.java:372)
at io.appium.java_client.DefaultGenericMobileDriver.findElementById(DefaultGenericMobileDriver.java:69)
at io.appium.java_client.AppiumDriver.findElementById(AppiumDriver.java:1)
at io.appium.java_client.android.AndroidDriver.findElementById(AndroidDriver.java:1)
at org.openqa.selenium.By$ById.findElement(By.java:188)
at org.openqa.selenium.remote.RemoteWebDriver.findElement(RemoteWebDriver.java:315)
at io.appium.java_client.DefaultGenericMobileDriver.findElement(DefaultGenericMobileDriver.java:57)
at io.appium.java_client.AppiumDriver.findElement(AppiumDriver.java:1)
at io.appium.java_client.android.AndroidDriver.findElement(AndroidDriver.java:1)
at io.appium.java_client.pagefactory.bys.ContentMappedBy.findElement(ContentMappedBy.java:50)
at org.openqa.selenium.remote.RemoteWebDriver.findElement(RemoteWebDriver.java:315)
at io.appium.java_client.DefaultGenericMobileDriver.findElement(DefaultGenericMobileDriver.java:57)
at io.appium.java_client.AppiumDriver.findElement(AppiumDriver.java:1)
at io.appium.java_client.android.AndroidDriver.findElement(AndroidDriver.java:1)
at io.appium.java_client.pagefactory.AppiumElementLocator.lambda$0(AppiumElementLocator.java:120)
at io.appium.java_client.pagefactory.AppiumElementLocator$WaitingFunction.apply(AppiumElementLocator.java:172)
at io.appium.java_client.pagefactory.AppiumElementLocator$WaitingFunction.apply(AppiumElementLocator.java:1)
at org.openqa.selenium.support.ui.FluentWait.until(FluentWait.java:249)
... 33 more
... Removed 32 stack frames]]>
    </failure>
  </testcase> <!-- recallBadgeAndDetailsTest -->
  <testcase classname="com.stg.gsd.fordpass.poc.GSDFordPassDisplayRecallAndScheduleService" name="scheduleAServiceNavigation" time="43.075">
    <failure type="org.openqa.selenium.TimeoutException" message="Expected condition failed: waiting for visibility of element located by By.id: com.ford.fordpass:id/preferred_dealer_schedule_service (tried for 40 second(s) with 500 milliseconds interval)">
      <![CDATA[org.openqa.selenium.TimeoutException: Expected condition failed: waiting for visibility of element located by By.id: com.ford.fordpass:id/preferred_dealer_schedule_service (tried for 40 second(s) with 500 milliseconds interval)
at org.openqa.selenium.support.ui.WebDriverWait.timeoutException(WebDriverWait.java:95)
at org.openqa.selenium.support.ui.FluentWait.until(FluentWait.java:272)
at com.stg.gsd.fordpass.poc.GSDFordPassDisplayRecallAndScheduleService.scheduleAServiceNavigation(GSDFordPassDisplayRecallAndScheduleService.java:1016)
at java.base/java.util.ArrayList.forEach(ArrayList.java:1510)
Caused by: org.openqa.selenium.NoSuchElementException: An element could not be located on the page using the given search parameters.
For documentation on this error, please visit: https://www.seleniumhq.org/exceptions/no_such_element.html
Build info: version: '3.141.59', revision: 'e82be7d358', time: '2018-11-14T08:17:03'
System info: host: 'SARANYAPC', ip: '192.168.1.35', os.name: 'Windows 10', os.arch: 'amd64', os.version: '10.0', java.version: '14.0.1'
Driver info: io.appium.java_client.android.AndroidDriver
Capabilities {appActivity: nl.moboa.myclay.welcome.Wel..., appPackage: nl.moboa.myclay, automationName: uiautomator2, chromeOptions: {w3c: false}, databaseEnabled: false, desired: {appActivity: nl.moboa.myclay.welcome.Wel..., appPackage: nl.moboa.myclay, automationName: uiautomator2, chromeOptions: {w3c: false}, noReset: true, noSign: true, platformName: android}, deviceApiLevel: 33, deviceManufacturer: samsung, deviceModel: SM-G770F, deviceName: RF8N21DKK4J, deviceScreenDensity: 420, deviceScreenSize: 1080x2400, deviceUDID: RF8N21DKK4J, javascriptEnabled: true, locationContextEnabled: false, networkConnectionEnabled: true, noReset: true, noSign: true, pixelRatio: 2.625, platform: LINUX, platformName: ANDROID, platformVersion: 13, statBarHeight: 90, takesScreenshot: true, viewportRect: {height: 2091, left: 0, top: 90, width: 1080}, warnings: {}, webStorageEnabled: false}
Session ID: 8140a08e-e6b5-444a-a550-0e4292f1744d
*** Element info: {Using=id, value=com.ford.fordpass:id/preferred_dealer_schedule_service}
at org.openqa.selenium.remote.http.W3CHttpResponseCodec.createException(W3CHttpResponseCodec.java:187)
at org.openqa.selenium.remote.http.W3CHttpResponseCodec.decode(W3CHttpResponseCodec.java:122)
at org.openqa.selenium.remote.http.W3CHttpResponseCodec.decode(W3CHttpResponseCodec.java:49)
at org.openqa.selenium.remote.HttpCommandExecutor.execute(HttpCommandExecutor.java:158)
at io.appium.java_client.remote.AppiumCommandExecutor.execute(AppiumCommandExecutor.java:239)
at org.openqa.selenium.remote.RemoteWebDriver.execute(RemoteWebDriver.java:552)
at io.appium.java_client.DefaultGenericMobileDriver.execute(DefaultGenericMobileDriver.java:41)
at io.appium.java_client.AppiumDriver.execute(AppiumDriver.java:1)
at io.appium.java_client.android.AndroidDriver.execute(AndroidDriver.java:1)
at org.openqa.selenium.remote.RemoteWebDriver.findElement(RemoteWebDriver.java:323)
at io.appium.java_client.DefaultGenericMobileDriver.findElement(DefaultGenericMobileDriver.java:61)
at io.appium.java_client.AppiumDriver.findElement(AppiumDriver.java:1)
at io.appium.java_client.android.AndroidDriver.findElement(AndroidDriver.java:1)
at org.openqa.selenium.remote.RemoteWebDriver.findElementById(RemoteWebDriver.java:372)
at io.appium.java_client.DefaultGenericMobileDriver.findElementById(DefaultGenericMobileDriver.java:69)
at io.appium.java_client.AppiumDriver.findElementById(AppiumDriver.java:1)
at io.appium.java_client.android.AndroidDriver.findElementById(AndroidDriver.java:1)
at org.openqa.selenium.By$ById.findElement(By.java:188)
at org.openqa.selenium.remote.RemoteWebDriver.findElement(RemoteWebDriver.java:315)
at io.appium.java_client.DefaultGenericMobileDriver.findElement(DefaultGenericMobileDriver.java:57)
at io.appium.java_client.AppiumDriver.findElement(AppiumDriver.java:1)
at io.appium.java_client.android.AndroidDriver.findElement(AndroidDriver.java:1)
at org.openqa.selenium.support.ui.ExpectedConditions$7.apply(ExpectedConditions.java:205)
at org.openqa.selenium.support.ui.ExpectedConditions$7.apply(ExpectedConditions.java:201)
at org.openqa.selenium.support.ui.FluentWait.until(FluentWait.java:249)
... 29 more
... Removed 31 stack frames]]>
    </failure>
  </testcase> <!-- scheduleAServiceNavigation -->
  <testcase classname="com.stg.gsd.fordpass.poc.GSDFordPassDisplayRecallAndScheduleService" name="logoutTest" time="10.203">
    <failure type="org.openqa.selenium.NoSuchElementException" message="Can&amp;apos;t locate an element by this strategy: By.id: account_button">
      <![CDATA[org.openqa.selenium.NoSuchElementException: Can't locate an element by this strategy: By.id: account_button
at io.appium.java_client.pagefactory.AppiumElementLocator.findElement(AppiumElementLocator.java:126)
at io.appium.java_client.pagefactory.interceptors.InterceptorOfASingleElement.intercept(InterceptorOfASingleElement.java:59)
at io.appium.java_client.android.AndroidElement$$EnhancerByCGLIB$$b598166c.isDisplayed(<generated>)
at com.stg.gsd.fordpass.poc.GSDFordPassDisplayRecallAndScheduleService.logoutTest(GSDFordPassDisplayRecallAndScheduleService.java:1043)
at java.base/java.util.ArrayList.forEach(ArrayList.java:1510)
Caused by: org.openqa.selenium.TimeoutException: Expected condition failed: waiting for io.appium.java_client.pagefactory.AppiumElementLocator$WaitingFunction@46a145ba (tried for 1 second(s) with 500 milliseconds interval)
at org.openqa.selenium.support.ui.FluentWait.timeoutException(FluentWait.java:304)
at org.openqa.selenium.support.ui.FluentWait.until(FluentWait.java:272)
at io.appium.java_client.pagefactory.AppiumElementLocator.waitFor(AppiumElementLocator.java:99)
at io.appium.java_client.pagefactory.AppiumElementLocator.findElement(AppiumElementLocator.java:119)
... 31 more
Caused by: org.openqa.selenium.NoSuchElementException: An element could not be located on the page using the given search parameters.
For documentation on this error, please visit: https://www.seleniumhq.org/exceptions/no_such_element.html
Build info: version: '3.141.59', revision: 'e82be7d358', time: '2018-11-14T08:17:03'
System info: host: 'SARANYAPC', ip: '192.168.1.35', os.name: 'Windows 10', os.arch: 'amd64', os.version: '10.0', java.version: '14.0.1'
Driver info: io.appium.java_client.android.AndroidDriver
Capabilities {appActivity: nl.moboa.myclay.welcome.Wel..., appPackage: nl.moboa.myclay, automationName: uiautomator2, chromeOptions: {w3c: false}, databaseEnabled: false, desired: {appActivity: nl.moboa.myclay.welcome.Wel..., appPackage: nl.moboa.myclay, automationName: uiautomator2, chromeOptions: {w3c: false}, noReset: true, noSign: true, platformName: android}, deviceApiLevel: 33, deviceManufacturer: samsung, deviceModel: SM-G770F, deviceName: RF8N21DKK4J, deviceScreenDensity: 420, deviceScreenSize: 1080x2400, deviceUDID: RF8N21DKK4J, javascriptEnabled: true, locationContextEnabled: false, networkConnectionEnabled: true, noReset: true, noSign: true, pixelRatio: 2.625, platform: LINUX, platformName: ANDROID, platformVersion: 13, statBarHeight: 90, takesScreenshot: true, viewportRect: {height: 2091, left: 0, top: 90, width: 1080}, warnings: {}, webStorageEnabled: false}
Session ID: 8140a08e-e6b5-444a-a550-0e4292f1744d
*** Element info: {Using=id, value=account_button}
at org.openqa.selenium.remote.http.W3CHttpResponseCodec.createException(W3CHttpResponseCodec.java:187)
at org.openqa.selenium.remote.http.W3CHttpResponseCodec.decode(W3CHttpResponseCodec.java:122)
at org.openqa.selenium.remote.http.W3CHttpResponseCodec.decode(W3CHttpResponseCodec.java:49)
at org.openqa.selenium.remote.HttpCommandExecutor.execute(HttpCommandExecutor.java:158)
at io.appium.java_client.remote.AppiumCommandExecutor.execute(AppiumCommandExecutor.java:239)
at org.openqa.selenium.remote.RemoteWebDriver.execute(RemoteWebDriver.java:552)
at io.appium.java_client.DefaultGenericMobileDriver.execute(DefaultGenericMobileDriver.java:41)
at io.appium.java_client.AppiumDriver.execute(AppiumDriver.java:1)
at io.appium.java_client.android.AndroidDriver.execute(AndroidDriver.java:1)
at org.openqa.selenium.remote.RemoteWebDriver.findElement(RemoteWebDriver.java:323)
at io.appium.java_client.DefaultGenericMobileDriver.findElement(DefaultGenericMobileDriver.java:61)
at io.appium.java_client.AppiumDriver.findElement(AppiumDriver.java:1)
at io.appium.java_client.android.AndroidDriver.findElement(AndroidDriver.java:1)
at org.openqa.selenium.remote.RemoteWebDriver.findElementById(RemoteWebDriver.java:372)
at io.appium.java_client.DefaultGenericMobileDriver.findElementById(DefaultGenericMobileDriver.java:69)
at io.appium.java_client.AppiumDriver.findElementById(AppiumDriver.java:1)
at io.appium.java_client.android.AndroidDriver.findElementById(AndroidDriver.java:1)
at org.openqa.selenium.By$ById.findElement(By.java:188)
at org.openqa.selenium.remote.RemoteWebDriver.findElement(RemoteWebDriver.java:315)
at io.appium.java_client.DefaultGenericMobileDriver.findElement(DefaultGenericMobileDriver.java:57)
at io.appium.java_client.AppiumDriver.findElement(AppiumDriver.java:1)
at io.appium.java_client.android.AndroidDriver.findElement(AndroidDriver.java:1)
at io.appium.java_client.pagefactory.bys.ContentMappedBy.findElement(ContentMappedBy.java:50)
at org.openqa.selenium.remote.RemoteWebDriver.findElement(RemoteWebDriver.java:315)
at io.appium.java_client.DefaultGenericMobileDriver.findElement(DefaultGenericMobileDriver.java:57)
at io.appium.java_client.AppiumDriver.findElement(AppiumDriver.java:1)
at io.appium.java_client.android.AndroidDriver.findElement(AndroidDriver.java:1)
at io.appium.java_client.pagefactory.AppiumElementLocator.lambda$0(AppiumElementLocator.java:120)
at io.appium.java_client.pagefactory.AppiumElementLocator$WaitingFunction.apply(AppiumElementLocator.java:172)
at io.appium.java_client.pagefactory.AppiumElementLocator$WaitingFunction.apply(AppiumElementLocator.java:1)
at org.openqa.selenium.support.ui.FluentWait.until(FluentWait.java:249)
... 33 more
... Removed 31 stack frames]]>
    </failure>
  </testcase> <!-- logoutTest -->
  <testcase classname="com.stg.gsd.fordpass.poc.GSDFordPassDisplayRecallAndScheduleService" name="scheduleAService" time="0.0">
    <ignored/>
  </testcase> <!-- scheduleAService -->
  <testcase classname="com.stg.gsd.fordpass.poc.BaseTest" name="@AfterSuite closeReport" time="0.0">
    <ignored/>
  </testcase> <!-- @AfterSuite closeReport -->
  <testcase classname="com.stg.gsd.fordpass.poc.BaseTest" name="@AfterSuite closeReport" time="0.0">
    <ignored/>
  </testcase> <!-- @AfterSuite closeReport -->
  <testcase classname="com.stg.gsd.fordpass.poc.BaseTest" name="@BeforeSuite setUpReport" time="0.0">
    <ignored/>
  </testcase> <!-- @BeforeSuite setUpReport -->
  <testcase classname="com.stg.gsd.fordpass.poc.BaseTest" name="@BeforeSuite setUpReport" time="0.0">
    <ignored/>
  </testcase> <!-- @BeforeSuite setUpReport -->
</testsuite> <!-- Regression -->
