<?xml version="1.0" encoding="UTF-8"?>
<!-- Generated by org.testng.reporters.JUnitXMLReporter -->
<testsuite ignored="0" hostname="SaranyaPC" failures="0" tests="3" name="Default test" time="50.729" errors="0" timestamp="2023-05-22T15:14:59 IST">
  <testcase classname="com.clay.mobile.testautomation.testsuite.SaltoKSLockEnableEOM" name="loginTest" time="21.819"/>
  <testcase classname="com.clay.mobile.testautomation.testsuite.SaltoKSLockEnableEOM" name="enableLockEOM" time="12.074"/>
  <testcase classname="com.clay.mobile.testautomation.testsuite.SaltoKSLockEnableEOM" name="logOut" time="15.656"/>
</testsuite> <!-- Default test -->
